CRITICAL - 2021-03-23 03:20:51 --> Table 'restful_db.category' doesn't exist
#0 D:\Bayu Sugara\Belajar\React JS\KasirApp\backend\vendor\codeigniter4\framework\system\Database\MySQLi\Connection.php(331): mysqli->query('SELECT *, `cate...')
#1 D:\Bayu Sugara\Belajar\React JS\KasirApp\backend\vendor\codeigniter4\framework\system\Database\BaseConnection.php(741): CodeIgniter\Database\MySQLi\Connection->execute('SELECT *, `cate...')
#2 D:\Bayu Sugara\Belajar\React JS\KasirApp\backend\vendor\codeigniter4\framework\system\Database\BaseConnection.php(669): CodeIgniter\Database\BaseConnection->simpleQuery('SELECT *, `cate...')
#3 D:\Bayu Sugara\Belajar\React JS\KasirApp\backend\vendor\codeigniter4\framework\system\Database\BaseBuilder.php(1860): CodeIgniter\Database\BaseConnection->query('SELECT *, `cate...', Array, false)
#4 D:\Bayu Sugara\Belajar\React JS\KasirApp\backend\vendor\codeigniter4\framework\system\Model.php(1818): CodeIgniter\Database\BaseBuilder->get()
#5 D:\Bayu Sugara\Belajar\React JS\KasirApp\backend\app\Models\ProductModel.php(16): CodeIgniter\Model->__call('get', Array)
#6 D:\Bayu Sugara\Belajar\React JS\KasirApp\backend\app\Controllers\Products.php(16): App\Models\ProductModel->tampil()
#7 D:\Bayu Sugara\Belajar\React JS\KasirApp\backend\vendor\codeigniter4\framework\system\CodeIgniter.php(918): App\Controllers\Products->index()
#8 D:\Bayu Sugara\Belajar\React JS\KasirApp\backend\vendor\codeigniter4\framework\system\CodeIgniter.php(404): CodeIgniter\CodeIgniter->runController(Object(App\Controllers\Products))
#9 D:\Bayu Sugara\Belajar\React JS\KasirApp\backend\vendor\codeigniter4\framework\system\CodeIgniter.php(312): CodeIgniter\CodeIgniter->handleRequest(NULL, Object(Config\Cache), false)
#10 D:\Bayu Sugara\Belajar\React JS\KasirApp\backend\public\index.php(45): CodeIgniter\CodeIgniter->run()
#11 D:\Bayu Sugara\Belajar\React JS\KasirApp\backend\vendor\codeigniter4\framework\system\Commands\Server\rewrite.php(34): require_once('D:\\Bayu Sugara\\...')
#12 {main}
CRITICAL - 2021-03-23 03:22:53 --> Table 'restful_db.category' doesn't exist
#0 D:\Bayu Sugara\Belajar\React JS\KasirApp\backend\vendor\codeigniter4\framework\system\Database\MySQLi\Connection.php(331): mysqli->query('SELECT *, `cate...')
#1 D:\Bayu Sugara\Belajar\React JS\KasirApp\backend\vendor\codeigniter4\framework\system\Database\BaseConnection.php(741): CodeIgniter\Database\MySQLi\Connection->execute('SELECT *, `cate...')
#2 D:\Bayu Sugara\Belajar\React JS\KasirApp\backend\vendor\codeigniter4\framework\system\Database\BaseConnection.php(669): CodeIgniter\Database\BaseConnection->simpleQuery('SELECT *, `cate...')
#3 D:\Bayu Sugara\Belajar\React JS\KasirApp\backend\vendor\codeigniter4\framework\system\Database\BaseBuilder.php(1860): CodeIgniter\Database\BaseConnection->query('SELECT *, `cate...', Array, false)
#4 D:\Bayu Sugara\Belajar\React JS\KasirApp\backend\vendor\codeigniter4\framework\system\Model.php(1818): CodeIgniter\Database\BaseBuilder->get()
#5 D:\Bayu Sugara\Belajar\React JS\KasirApp\backend\app\Models\ProductModel.php(16): CodeIgniter\Model->__call('get', Array)
#6 D:\Bayu Sugara\Belajar\React JS\KasirApp\backend\app\Controllers\Products.php(16): App\Models\ProductModel->tampil()
#7 D:\Bayu Sugara\Belajar\React JS\KasirApp\backend\vendor\codeigniter4\framework\system\CodeIgniter.php(918): App\Controllers\Products->index()
#8 D:\Bayu Sugara\Belajar\React JS\KasirApp\backend\vendor\codeigniter4\framework\system\CodeIgniter.php(404): CodeIgniter\CodeIgniter->runController(Object(App\Controllers\Products))
#9 D:\Bayu Sugara\Belajar\React JS\KasirApp\backend\vendor\codeigniter4\framework\system\CodeIgniter.php(312): CodeIgniter\CodeIgniter->handleRequest(NULL, Object(Config\Cache), false)
#10 D:\Bayu Sugara\Belajar\React JS\KasirApp\backend\public\index.php(45): CodeIgniter\CodeIgniter->run()
#11 D:\Bayu Sugara\Belajar\React JS\KasirApp\backend\vendor\codeigniter4\framework\system\Commands\Server\rewrite.php(34): require_once('D:\\Bayu Sugara\\...')
#12 {main}
CRITICAL - 2021-03-23 03:22:54 --> Table 'restful_db.category' doesn't exist
#0 D:\Bayu Sugara\Belajar\React JS\KasirApp\backend\vendor\codeigniter4\framework\system\Database\MySQLi\Connection.php(331): mysqli->query('SELECT *, `cate...')
#1 D:\Bayu Sugara\Belajar\React JS\KasirApp\backend\vendor\codeigniter4\framework\system\Database\BaseConnection.php(741): CodeIgniter\Database\MySQLi\Connection->execute('SELECT *, `cate...')
#2 D:\Bayu Sugara\Belajar\React JS\KasirApp\backend\vendor\codeigniter4\framework\system\Database\BaseConnection.php(669): CodeIgniter\Database\BaseConnection->simpleQuery('SELECT *, `cate...')
#3 D:\Bayu Sugara\Belajar\React JS\KasirApp\backend\vendor\codeigniter4\framework\system\Database\BaseBuilder.php(1860): CodeIgniter\Database\BaseConnection->query('SELECT *, `cate...', Array, false)
#4 D:\Bayu Sugara\Belajar\React JS\KasirApp\backend\vendor\codeigniter4\framework\system\Model.php(1818): CodeIgniter\Database\BaseBuilder->get()
#5 D:\Bayu Sugara\Belajar\React JS\KasirApp\backend\app\Models\ProductModel.php(16): CodeIgniter\Model->__call('get', Array)
#6 D:\Bayu Sugara\Belajar\React JS\KasirApp\backend\app\Controllers\Products.php(16): App\Models\ProductModel->tampil()
#7 D:\Bayu Sugara\Belajar\React JS\KasirApp\backend\vendor\codeigniter4\framework\system\CodeIgniter.php(918): App\Controllers\Products->index()
#8 D:\Bayu Sugara\Belajar\React JS\KasirApp\backend\vendor\codeigniter4\framework\system\CodeIgniter.php(404): CodeIgniter\CodeIgniter->runController(Object(App\Controllers\Products))
#9 D:\Bayu Sugara\Belajar\React JS\KasirApp\backend\vendor\codeigniter4\framework\system\CodeIgniter.php(312): CodeIgniter\CodeIgniter->handleRequest(NULL, Object(Config\Cache), false)
#10 D:\Bayu Sugara\Belajar\React JS\KasirApp\backend\public\index.php(45): CodeIgniter\CodeIgniter->run()
#11 D:\Bayu Sugara\Belajar\React JS\KasirApp\backend\vendor\codeigniter4\framework\system\Commands\Server\rewrite.php(34): require_once('D:\\Bayu Sugara\\...')
#12 {main}
CRITICAL - 2021-03-23 04:07:07 --> Unknown column 'product_id' in 'where clause'
#0 D:\Bayu Sugara\Belajar\React JS\KasirApp\backend\vendor\codeigniter4\framework\system\Database\MySQLi\Connection.php(331): mysqli->query('SELECT *\nFROM `...')
#1 D:\Bayu Sugara\Belajar\React JS\KasirApp\backend\vendor\codeigniter4\framework\system\Database\BaseConnection.php(741): CodeIgniter\Database\MySQLi\Connection->execute('SELECT *\nFROM `...')
#2 D:\Bayu Sugara\Belajar\React JS\KasirApp\backend\vendor\codeigniter4\framework\system\Database\BaseConnection.php(669): CodeIgniter\Database\BaseConnection->simpleQuery('SELECT *\nFROM `...')
#3 D:\Bayu Sugara\Belajar\React JS\KasirApp\backend\vendor\codeigniter4\framework\system\Database\BaseBuilder.php(2019): CodeIgniter\Database\BaseConnection->query('SELECT *\nFROM `...', Array, false)
#4 D:\Bayu Sugara\Belajar\React JS\KasirApp\backend\vendor\codeigniter4\framework\system\Model.php(1818): CodeIgniter\Database\BaseBuilder->getWhere(Array)
#5 D:\Bayu Sugara\Belajar\React JS\KasirApp\backend\app\Controllers\Products.php(25): CodeIgniter\Model->__call('getWhere', Array)
#6 D:\Bayu Sugara\Belajar\React JS\KasirApp\backend\vendor\codeigniter4\framework\system\CodeIgniter.php(918): App\Controllers\Products->show('category')
#7 D:\Bayu Sugara\Belajar\React JS\KasirApp\backend\vendor\codeigniter4\framework\system\CodeIgniter.php(404): CodeIgniter\CodeIgniter->runController(Object(App\Controllers\Products))
#8 D:\Bayu Sugara\Belajar\React JS\KasirApp\backend\vendor\codeigniter4\framework\system\CodeIgniter.php(312): CodeIgniter\CodeIgniter->handleRequest(NULL, Object(Config\Cache), false)
#9 D:\Bayu Sugara\Belajar\React JS\KasirApp\backend\public\index.php(45): CodeIgniter\CodeIgniter->run()
#10 D:\Bayu Sugara\Belajar\React JS\KasirApp\backend\vendor\codeigniter4\framework\system\Commands\Server\rewrite.php(34): require_once('D:\\Bayu Sugara\\...')
#11 {main}
CRITICAL - 2021-03-23 04:07:27 --> Unknown column 'product_id' in 'where clause'
#0 D:\Bayu Sugara\Belajar\React JS\KasirApp\backend\vendor\codeigniter4\framework\system\Database\MySQLi\Connection.php(331): mysqli->query('SELECT *\nFROM `...')
#1 D:\Bayu Sugara\Belajar\React JS\KasirApp\backend\vendor\codeigniter4\framework\system\Database\BaseConnection.php(741): CodeIgniter\Database\MySQLi\Connection->execute('SELECT *\nFROM `...')
#2 D:\Bayu Sugara\Belajar\React JS\KasirApp\backend\vendor\codeigniter4\framework\system\Database\BaseConnection.php(669): CodeIgniter\Database\BaseConnection->simpleQuery('SELECT *\nFROM `...')
#3 D:\Bayu Sugara\Belajar\React JS\KasirApp\backend\vendor\codeigniter4\framework\system\Database\BaseBuilder.php(2019): CodeIgniter\Database\BaseConnection->query('SELECT *\nFROM `...', Array, false)
#4 D:\Bayu Sugara\Belajar\React JS\KasirApp\backend\vendor\codeigniter4\framework\system\Model.php(1818): CodeIgniter\Database\BaseBuilder->getWhere(Array)
#5 D:\Bayu Sugara\Belajar\React JS\KasirApp\backend\app\Controllers\Products.php(25): CodeIgniter\Model->__call('getWhere', Array)
#6 D:\Bayu Sugara\Belajar\React JS\KasirApp\backend\vendor\codeigniter4\framework\system\CodeIgniter.php(918): App\Controllers\Products->show('category')
#7 D:\Bayu Sugara\Belajar\React JS\KasirApp\backend\vendor\codeigniter4\framework\system\CodeIgniter.php(404): CodeIgniter\CodeIgniter->runController(Object(App\Controllers\Products))
#8 D:\Bayu Sugara\Belajar\React JS\KasirApp\backend\vendor\codeigniter4\framework\system\CodeIgniter.php(312): CodeIgniter\CodeIgniter->handleRequest(NULL, Object(Config\Cache), false)
#9 D:\Bayu Sugara\Belajar\React JS\KasirApp\backend\public\index.php(45): CodeIgniter\CodeIgniter->run()
#10 D:\Bayu Sugara\Belajar\React JS\KasirApp\backend\vendor\codeigniter4\framework\system\Commands\Server\rewrite.php(34): require_once('D:\\Bayu Sugara\\...')
#11 {main}
CRITICAL - 2021-03-23 04:07:44 --> Unknown column 'product_id' in 'where clause'
#0 D:\Bayu Sugara\Belajar\React JS\KasirApp\backend\vendor\codeigniter4\framework\system\Database\MySQLi\Connection.php(331): mysqli->query('SELECT *\nFROM `...')
#1 D:\Bayu Sugara\Belajar\React JS\KasirApp\backend\vendor\codeigniter4\framework\system\Database\BaseConnection.php(741): CodeIgniter\Database\MySQLi\Connection->execute('SELECT *\nFROM `...')
#2 D:\Bayu Sugara\Belajar\React JS\KasirApp\backend\vendor\codeigniter4\framework\system\Database\BaseConnection.php(669): CodeIgniter\Database\BaseConnection->simpleQuery('SELECT *\nFROM `...')
#3 D:\Bayu Sugara\Belajar\React JS\KasirApp\backend\vendor\codeigniter4\framework\system\Database\BaseBuilder.php(2019): CodeIgniter\Database\BaseConnection->query('SELECT *\nFROM `...', Array, false)
#4 D:\Bayu Sugara\Belajar\React JS\KasirApp\backend\vendor\codeigniter4\framework\system\Model.php(1818): CodeIgniter\Database\BaseBuilder->getWhere(Array)
#5 D:\Bayu Sugara\Belajar\React JS\KasirApp\backend\app\Controllers\Products.php(25): CodeIgniter\Model->__call('getWhere', Array)
#6 D:\Bayu Sugara\Belajar\React JS\KasirApp\backend\vendor\codeigniter4\framework\system\CodeIgniter.php(918): App\Controllers\Products->show('category')
#7 D:\Bayu Sugara\Belajar\React JS\KasirApp\backend\vendor\codeigniter4\framework\system\CodeIgniter.php(404): CodeIgniter\CodeIgniter->runController(Object(App\Controllers\Products))
#8 D:\Bayu Sugara\Belajar\React JS\KasirApp\backend\vendor\codeigniter4\framework\system\CodeIgniter.php(312): CodeIgniter\CodeIgniter->handleRequest(NULL, Object(Config\Cache), false)
#9 D:\Bayu Sugara\Belajar\React JS\KasirApp\backend\public\index.php(45): CodeIgniter\CodeIgniter->run()
#10 D:\Bayu Sugara\Belajar\React JS\KasirApp\backend\vendor\codeigniter4\framework\system\Commands\Server\rewrite.php(34): require_once('D:\\Bayu Sugara\\...')
#11 {main}
CRITICAL - 2021-03-23 04:07:45 --> Unknown column 'product_id' in 'where clause'
#0 D:\Bayu Sugara\Belajar\React JS\KasirApp\backend\vendor\codeigniter4\framework\system\Database\MySQLi\Connection.php(331): mysqli->query('SELECT *\nFROM `...')
#1 D:\Bayu Sugara\Belajar\React JS\KasirApp\backend\vendor\codeigniter4\framework\system\Database\BaseConnection.php(741): CodeIgniter\Database\MySQLi\Connection->execute('SELECT *\nFROM `...')
#2 D:\Bayu Sugara\Belajar\React JS\KasirApp\backend\vendor\codeigniter4\framework\system\Database\BaseConnection.php(669): CodeIgniter\Database\BaseConnection->simpleQuery('SELECT *\nFROM `...')
#3 D:\Bayu Sugara\Belajar\React JS\KasirApp\backend\vendor\codeigniter4\framework\system\Database\BaseBuilder.php(2019): CodeIgniter\Database\BaseConnection->query('SELECT *\nFROM `...', Array, false)
#4 D:\Bayu Sugara\Belajar\React JS\KasirApp\backend\vendor\codeigniter4\framework\system\Model.php(1818): CodeIgniter\Database\BaseBuilder->getWhere(Array)
#5 D:\Bayu Sugara\Belajar\React JS\KasirApp\backend\app\Controllers\Products.php(25): CodeIgniter\Model->__call('getWhere', Array)
#6 D:\Bayu Sugara\Belajar\React JS\KasirApp\backend\vendor\codeigniter4\framework\system\CodeIgniter.php(918): App\Controllers\Products->show('category')
#7 D:\Bayu Sugara\Belajar\React JS\KasirApp\backend\vendor\codeigniter4\framework\system\CodeIgniter.php(404): CodeIgniter\CodeIgniter->runController(Object(App\Controllers\Products))
#8 D:\Bayu Sugara\Belajar\React JS\KasirApp\backend\vendor\codeigniter4\framework\system\CodeIgniter.php(312): CodeIgniter\CodeIgniter->handleRequest(NULL, Object(Config\Cache), false)
#9 D:\Bayu Sugara\Belajar\React JS\KasirApp\backend\public\index.php(45): CodeIgniter\CodeIgniter->run()
#10 D:\Bayu Sugara\Belajar\React JS\KasirApp\backend\vendor\codeigniter4\framework\system\Commands\Server\rewrite.php(34): require_once('D:\\Bayu Sugara\\...')
#11 {main}
CRITICAL - 2021-03-23 04:08:24 --> Unknown column 'product_id' in 'where clause'
#0 D:\Bayu Sugara\Belajar\React JS\KasirApp\backend\vendor\codeigniter4\framework\system\Database\MySQLi\Connection.php(331): mysqli->query('SELECT *\nFROM `...')
#1 D:\Bayu Sugara\Belajar\React JS\KasirApp\backend\vendor\codeigniter4\framework\system\Database\BaseConnection.php(741): CodeIgniter\Database\MySQLi\Connection->execute('SELECT *\nFROM `...')
#2 D:\Bayu Sugara\Belajar\React JS\KasirApp\backend\vendor\codeigniter4\framework\system\Database\BaseConnection.php(669): CodeIgniter\Database\BaseConnection->simpleQuery('SELECT *\nFROM `...')
#3 D:\Bayu Sugara\Belajar\React JS\KasirApp\backend\vendor\codeigniter4\framework\system\Database\BaseBuilder.php(2019): CodeIgniter\Database\BaseConnection->query('SELECT *\nFROM `...', Array, false)
#4 D:\Bayu Sugara\Belajar\React JS\KasirApp\backend\vendor\codeigniter4\framework\system\Model.php(1818): CodeIgniter\Database\BaseBuilder->getWhere(Array)
#5 D:\Bayu Sugara\Belajar\React JS\KasirApp\backend\app\Controllers\Products.php(25): CodeIgniter\Model->__call('getWhere', Array)
#6 D:\Bayu Sugara\Belajar\React JS\KasirApp\backend\vendor\codeigniter4\framework\system\CodeIgniter.php(918): App\Controllers\Products->show('category')
#7 D:\Bayu Sugara\Belajar\React JS\KasirApp\backend\vendor\codeigniter4\framework\system\CodeIgniter.php(404): CodeIgniter\CodeIgniter->runController(Object(App\Controllers\Products))
#8 D:\Bayu Sugara\Belajar\React JS\KasirApp\backend\vendor\codeigniter4\framework\system\CodeIgniter.php(312): CodeIgniter\CodeIgniter->handleRequest(NULL, Object(Config\Cache), false)
#9 D:\Bayu Sugara\Belajar\React JS\KasirApp\backend\public\index.php(45): CodeIgniter\CodeIgniter->run()
#10 D:\Bayu Sugara\Belajar\React JS\KasirApp\backend\vendor\codeigniter4\framework\system\Commands\Server\rewrite.php(34): require_once('D:\\Bayu Sugara\\...')
#11 {main}
CRITICAL - 2021-03-23 04:10:31 --> Unknown column 'product_id' in 'where clause'
#0 D:\Bayu Sugara\Belajar\React JS\KasirApp\backend\vendor\codeigniter4\framework\system\Database\MySQLi\Connection.php(331): mysqli->query('SELECT *\nFROM `...')
#1 D:\Bayu Sugara\Belajar\React JS\KasirApp\backend\vendor\codeigniter4\framework\system\Database\BaseConnection.php(741): CodeIgniter\Database\MySQLi\Connection->execute('SELECT *\nFROM `...')
#2 D:\Bayu Sugara\Belajar\React JS\KasirApp\backend\vendor\codeigniter4\framework\system\Database\BaseConnection.php(669): CodeIgniter\Database\BaseConnection->simpleQuery('SELECT *\nFROM `...')
#3 D:\Bayu Sugara\Belajar\React JS\KasirApp\backend\vendor\codeigniter4\framework\system\Database\BaseBuilder.php(2019): CodeIgniter\Database\BaseConnection->query('SELECT *\nFROM `...', Array, false)
#4 D:\Bayu Sugara\Belajar\React JS\KasirApp\backend\vendor\codeigniter4\framework\system\Model.php(1818): CodeIgniter\Database\BaseBuilder->getWhere(Array)
#5 D:\Bayu Sugara\Belajar\React JS\KasirApp\backend\app\Controllers\Products.php(25): CodeIgniter\Model->__call('getWhere', Array)
#6 D:\Bayu Sugara\Belajar\React JS\KasirApp\backend\vendor\codeigniter4\framework\system\CodeIgniter.php(918): App\Controllers\Products->show('category')
#7 D:\Bayu Sugara\Belajar\React JS\KasirApp\backend\vendor\codeigniter4\framework\system\CodeIgniter.php(404): CodeIgniter\CodeIgniter->runController(Object(App\Controllers\Products))
#8 D:\Bayu Sugara\Belajar\React JS\KasirApp\backend\vendor\codeigniter4\framework\system\CodeIgniter.php(312): CodeIgniter\CodeIgniter->handleRequest(NULL, Object(Config\Cache), false)
#9 D:\Bayu Sugara\Belajar\React JS\KasirApp\backend\public\index.php(45): CodeIgniter\CodeIgniter->run()
#10 D:\Bayu Sugara\Belajar\React JS\KasirApp\backend\vendor\codeigniter4\framework\system\Commands\Server\rewrite.php(34): require_once('D:\\Bayu Sugara\\...')
#11 {main}
CRITICAL - 2021-03-23 04:26:46 --> Unknown column 'product_id' in 'where clause'
#0 D:\Bayu Sugara\Belajar\React JS\KasirApp\backend\vendor\codeigniter4\framework\system\Database\MySQLi\Connection.php(331): mysqli->query('SELECT *\nFROM `...')
#1 D:\Bayu Sugara\Belajar\React JS\KasirApp\backend\vendor\codeigniter4\framework\system\Database\BaseConnection.php(741): CodeIgniter\Database\MySQLi\Connection->execute('SELECT *\nFROM `...')
#2 D:\Bayu Sugara\Belajar\React JS\KasirApp\backend\vendor\codeigniter4\framework\system\Database\BaseConnection.php(669): CodeIgniter\Database\BaseConnection->simpleQuery('SELECT *\nFROM `...')
#3 D:\Bayu Sugara\Belajar\React JS\KasirApp\backend\vendor\codeigniter4\framework\system\Database\BaseBuilder.php(2019): CodeIgniter\Database\BaseConnection->query('SELECT *\nFROM `...', Array, false)
#4 D:\Bayu Sugara\Belajar\React JS\KasirApp\backend\vendor\codeigniter4\framework\system\Model.php(1818): CodeIgniter\Database\BaseBuilder->getWhere(Array)
#5 D:\Bayu Sugara\Belajar\React JS\KasirApp\backend\app\Controllers\Products.php(25): CodeIgniter\Model->__call('getWhere', Array)
#6 D:\Bayu Sugara\Belajar\React JS\KasirApp\backend\vendor\codeigniter4\framework\system\CodeIgniter.php(918): App\Controllers\Products->show('Minuman')
#7 D:\Bayu Sugara\Belajar\React JS\KasirApp\backend\vendor\codeigniter4\framework\system\CodeIgniter.php(404): CodeIgniter\CodeIgniter->runController(Object(App\Controllers\Products))
#8 D:\Bayu Sugara\Belajar\React JS\KasirApp\backend\vendor\codeigniter4\framework\system\CodeIgniter.php(312): CodeIgniter\CodeIgniter->handleRequest(NULL, Object(Config\Cache), false)
#9 D:\Bayu Sugara\Belajar\React JS\KasirApp\backend\public\index.php(45): CodeIgniter\CodeIgniter->run()
#10 D:\Bayu Sugara\Belajar\React JS\KasirApp\backend\vendor\codeigniter4\framework\system\Commands\Server\rewrite.php(34): require_once('D:\\Bayu Sugara\\...')
#11 {main}
CRITICAL - 2021-03-23 04:26:47 --> Unknown column 'product_id' in 'where clause'
#0 D:\Bayu Sugara\Belajar\React JS\KasirApp\backend\vendor\codeigniter4\framework\system\Database\MySQLi\Connection.php(331): mysqli->query('SELECT *\nFROM `...')
#1 D:\Bayu Sugara\Belajar\React JS\KasirApp\backend\vendor\codeigniter4\framework\system\Database\BaseConnection.php(741): CodeIgniter\Database\MySQLi\Connection->execute('SELECT *\nFROM `...')
#2 D:\Bayu Sugara\Belajar\React JS\KasirApp\backend\vendor\codeigniter4\framework\system\Database\BaseConnection.php(669): CodeIgniter\Database\BaseConnection->simpleQuery('SELECT *\nFROM `...')
#3 D:\Bayu Sugara\Belajar\React JS\KasirApp\backend\vendor\codeigniter4\framework\system\Database\BaseBuilder.php(2019): CodeIgniter\Database\BaseConnection->query('SELECT *\nFROM `...', Array, false)
#4 D:\Bayu Sugara\Belajar\React JS\KasirApp\backend\vendor\codeigniter4\framework\system\Model.php(1818): CodeIgniter\Database\BaseBuilder->getWhere(Array)
#5 D:\Bayu Sugara\Belajar\React JS\KasirApp\backend\app\Controllers\Products.php(25): CodeIgniter\Model->__call('getWhere', Array)
#6 D:\Bayu Sugara\Belajar\React JS\KasirApp\backend\vendor\codeigniter4\framework\system\CodeIgniter.php(918): App\Controllers\Products->show('Cemilan')
#7 D:\Bayu Sugara\Belajar\React JS\KasirApp\backend\vendor\codeigniter4\framework\system\CodeIgniter.php(404): CodeIgniter\CodeIgniter->runController(Object(App\Controllers\Products))
#8 D:\Bayu Sugara\Belajar\React JS\KasirApp\backend\vendor\codeigniter4\framework\system\CodeIgniter.php(312): CodeIgniter\CodeIgniter->handleRequest(NULL, Object(Config\Cache), false)
#9 D:\Bayu Sugara\Belajar\React JS\KasirApp\backend\public\index.php(45): CodeIgniter\CodeIgniter->run()
#10 D:\Bayu Sugara\Belajar\React JS\KasirApp\backend\vendor\codeigniter4\framework\system\Commands\Server\rewrite.php(34): require_once('D:\\Bayu Sugara\\...')
#11 {main}
CRITICAL - 2021-03-23 04:26:48 --> Unknown column 'product_id' in 'where clause'
#0 D:\Bayu Sugara\Belajar\React JS\KasirApp\backend\vendor\codeigniter4\framework\system\Database\MySQLi\Connection.php(331): mysqli->query('SELECT *\nFROM `...')
#1 D:\Bayu Sugara\Belajar\React JS\KasirApp\backend\vendor\codeigniter4\framework\system\Database\BaseConnection.php(741): CodeIgniter\Database\MySQLi\Connection->execute('SELECT *\nFROM `...')
#2 D:\Bayu Sugara\Belajar\React JS\KasirApp\backend\vendor\codeigniter4\framework\system\Database\BaseConnection.php(669): CodeIgniter\Database\BaseConnection->simpleQuery('SELECT *\nFROM `...')
#3 D:\Bayu Sugara\Belajar\React JS\KasirApp\backend\vendor\codeigniter4\framework\system\Database\BaseBuilder.php(2019): CodeIgniter\Database\BaseConnection->query('SELECT *\nFROM `...', Array, false)
#4 D:\Bayu Sugara\Belajar\React JS\KasirApp\backend\vendor\codeigniter4\framework\system\Model.php(1818): CodeIgniter\Database\BaseBuilder->getWhere(Array)
#5 D:\Bayu Sugara\Belajar\React JS\KasirApp\backend\app\Controllers\Products.php(25): CodeIgniter\Model->__call('getWhere', Array)
#6 D:\Bayu Sugara\Belajar\React JS\KasirApp\backend\vendor\codeigniter4\framework\system\CodeIgniter.php(918): App\Controllers\Products->show('Makanan')
#7 D:\Bayu Sugara\Belajar\React JS\KasirApp\backend\vendor\codeigniter4\framework\system\CodeIgniter.php(404): CodeIgniter\CodeIgniter->runController(Object(App\Controllers\Products))
#8 D:\Bayu Sugara\Belajar\React JS\KasirApp\backend\vendor\codeigniter4\framework\system\CodeIgniter.php(312): CodeIgniter\CodeIgniter->handleRequest(NULL, Object(Config\Cache), false)
#9 D:\Bayu Sugara\Belajar\React JS\KasirApp\backend\public\index.php(45): CodeIgniter\CodeIgniter->run()
#10 D:\Bayu Sugara\Belajar\React JS\KasirApp\backend\vendor\codeigniter4\framework\system\Commands\Server\rewrite.php(34): require_once('D:\\Bayu Sugara\\...')
#11 {main}
CRITICAL - 2021-03-23 04:26:48 --> Unknown column 'product_id' in 'where clause'
#0 D:\Bayu Sugara\Belajar\React JS\KasirApp\backend\vendor\codeigniter4\framework\system\Database\MySQLi\Connection.php(331): mysqli->query('SELECT *\nFROM `...')
#1 D:\Bayu Sugara\Belajar\React JS\KasirApp\backend\vendor\codeigniter4\framework\system\Database\BaseConnection.php(741): CodeIgniter\Database\MySQLi\Connection->execute('SELECT *\nFROM `...')
#2 D:\Bayu Sugara\Belajar\React JS\KasirApp\backend\vendor\codeigniter4\framework\system\Database\BaseConnection.php(669): CodeIgniter\Database\BaseConnection->simpleQuery('SELECT *\nFROM `...')
#3 D:\Bayu Sugara\Belajar\React JS\KasirApp\backend\vendor\codeigniter4\framework\system\Database\BaseBuilder.php(2019): CodeIgniter\Database\BaseConnection->query('SELECT *\nFROM `...', Array, false)
#4 D:\Bayu Sugara\Belajar\React JS\KasirApp\backend\vendor\codeigniter4\framework\system\Model.php(1818): CodeIgniter\Database\BaseBuilder->getWhere(Array)
#5 D:\Bayu Sugara\Belajar\React JS\KasirApp\backend\app\Controllers\Products.php(25): CodeIgniter\Model->__call('getWhere', Array)
#6 D:\Bayu Sugara\Belajar\React JS\KasirApp\backend\vendor\codeigniter4\framework\system\CodeIgniter.php(918): App\Controllers\Products->show('Minuman')
#7 D:\Bayu Sugara\Belajar\React JS\KasirApp\backend\vendor\codeigniter4\framework\system\CodeIgniter.php(404): CodeIgniter\CodeIgniter->runController(Object(App\Controllers\Products))
#8 D:\Bayu Sugara\Belajar\React JS\KasirApp\backend\vendor\codeigniter4\framework\system\CodeIgniter.php(312): CodeIgniter\CodeIgniter->handleRequest(NULL, Object(Config\Cache), false)
#9 D:\Bayu Sugara\Belajar\React JS\KasirApp\backend\public\index.php(45): CodeIgniter\CodeIgniter->run()
#10 D:\Bayu Sugara\Belajar\React JS\KasirApp\backend\vendor\codeigniter4\framework\system\Commands\Server\rewrite.php(34): require_once('D:\\Bayu Sugara\\...')
#11 {main}
CRITICAL - 2021-03-23 04:26:49 --> Unknown column 'product_id' in 'where clause'
#0 D:\Bayu Sugara\Belajar\React JS\KasirApp\backend\vendor\codeigniter4\framework\system\Database\MySQLi\Connection.php(331): mysqli->query('SELECT *\nFROM `...')
#1 D:\Bayu Sugara\Belajar\React JS\KasirApp\backend\vendor\codeigniter4\framework\system\Database\BaseConnection.php(741): CodeIgniter\Database\MySQLi\Connection->execute('SELECT *\nFROM `...')
#2 D:\Bayu Sugara\Belajar\React JS\KasirApp\backend\vendor\codeigniter4\framework\system\Database\BaseConnection.php(669): CodeIgniter\Database\BaseConnection->simpleQuery('SELECT *\nFROM `...')
#3 D:\Bayu Sugara\Belajar\React JS\KasirApp\backend\vendor\codeigniter4\framework\system\Database\BaseBuilder.php(2019): CodeIgniter\Database\BaseConnection->query('SELECT *\nFROM `...', Array, false)
#4 D:\Bayu Sugara\Belajar\React JS\KasirApp\backend\vendor\codeigniter4\framework\system\Model.php(1818): CodeIgniter\Database\BaseBuilder->getWhere(Array)
#5 D:\Bayu Sugara\Belajar\React JS\KasirApp\backend\app\Controllers\Products.php(25): CodeIgniter\Model->__call('getWhere', Array)
#6 D:\Bayu Sugara\Belajar\React JS\KasirApp\backend\vendor\codeigniter4\framework\system\CodeIgniter.php(918): App\Controllers\Products->show('Minuman')
#7 D:\Bayu Sugara\Belajar\React JS\KasirApp\backend\vendor\codeigniter4\framework\system\CodeIgniter.php(404): CodeIgniter\CodeIgniter->runController(Object(App\Controllers\Products))
#8 D:\Bayu Sugara\Belajar\React JS\KasirApp\backend\vendor\codeigniter4\framework\system\CodeIgniter.php(312): CodeIgniter\CodeIgniter->handleRequest(NULL, Object(Config\Cache), false)
#9 D:\Bayu Sugara\Belajar\React JS\KasirApp\backend\public\index.php(45): CodeIgniter\CodeIgniter->run()
#10 D:\Bayu Sugara\Belajar\React JS\KasirApp\backend\vendor\codeigniter4\framework\system\Commands\Server\rewrite.php(34): require_once('D:\\Bayu Sugara\\...')
#11 {main}
CRITICAL - 2021-03-23 04:28:53 --> Unknown column 'product_id' in 'where clause'
#0 D:\Bayu Sugara\Belajar\React JS\KasirApp\backend\vendor\codeigniter4\framework\system\Database\MySQLi\Connection.php(331): mysqli->query('SELECT *\nFROM `...')
#1 D:\Bayu Sugara\Belajar\React JS\KasirApp\backend\vendor\codeigniter4\framework\system\Database\BaseConnection.php(741): CodeIgniter\Database\MySQLi\Connection->execute('SELECT *\nFROM `...')
#2 D:\Bayu Sugara\Belajar\React JS\KasirApp\backend\vendor\codeigniter4\framework\system\Database\BaseConnection.php(669): CodeIgniter\Database\BaseConnection->simpleQuery('SELECT *\nFROM `...')
#3 D:\Bayu Sugara\Belajar\React JS\KasirApp\backend\vendor\codeigniter4\framework\system\Database\BaseBuilder.php(2019): CodeIgniter\Database\BaseConnection->query('SELECT *\nFROM `...', Array, false)
#4 D:\Bayu Sugara\Belajar\React JS\KasirApp\backend\vendor\codeigniter4\framework\system\Model.php(1818): CodeIgniter\Database\BaseBuilder->getWhere(Array)
#5 D:\Bayu Sugara\Belajar\React JS\KasirApp\backend\app\Controllers\Products.php(25): CodeIgniter\Model->__call('getWhere', Array)
#6 D:\Bayu Sugara\Belajar\React JS\KasirApp\backend\vendor\codeigniter4\framework\system\CodeIgniter.php(918): App\Controllers\Products->show('Cemilan')
#7 D:\Bayu Sugara\Belajar\React JS\KasirApp\backend\vendor\codeigniter4\framework\system\CodeIgniter.php(404): CodeIgniter\CodeIgniter->runController(Object(App\Controllers\Products))
#8 D:\Bayu Sugara\Belajar\React JS\KasirApp\backend\vendor\codeigniter4\framework\system\CodeIgniter.php(312): CodeIgniter\CodeIgniter->handleRequest(NULL, Object(Config\Cache), false)
#9 D:\Bayu Sugara\Belajar\React JS\KasirApp\backend\public\index.php(45): CodeIgniter\CodeIgniter->run()
#10 D:\Bayu Sugara\Belajar\React JS\KasirApp\backend\vendor\codeigniter4\framework\system\Commands\Server\rewrite.php(34): require_once('D:\\Bayu Sugara\\...')
#11 {main}
CRITICAL - 2021-03-23 04:28:54 --> Unknown column 'product_id' in 'where clause'
#0 D:\Bayu Sugara\Belajar\React JS\KasirApp\backend\vendor\codeigniter4\framework\system\Database\MySQLi\Connection.php(331): mysqli->query('SELECT *\nFROM `...')
#1 D:\Bayu Sugara\Belajar\React JS\KasirApp\backend\vendor\codeigniter4\framework\system\Database\BaseConnection.php(741): CodeIgniter\Database\MySQLi\Connection->execute('SELECT *\nFROM `...')
#2 D:\Bayu Sugara\Belajar\React JS\KasirApp\backend\vendor\codeigniter4\framework\system\Database\BaseConnection.php(669): CodeIgniter\Database\BaseConnection->simpleQuery('SELECT *\nFROM `...')
#3 D:\Bayu Sugara\Belajar\React JS\KasirApp\backend\vendor\codeigniter4\framework\system\Database\BaseBuilder.php(2019): CodeIgniter\Database\BaseConnection->query('SELECT *\nFROM `...', Array, false)
#4 D:\Bayu Sugara\Belajar\React JS\KasirApp\backend\vendor\codeigniter4\framework\system\Model.php(1818): CodeIgniter\Database\BaseBuilder->getWhere(Array)
#5 D:\Bayu Sugara\Belajar\React JS\KasirApp\backend\app\Controllers\Products.php(25): CodeIgniter\Model->__call('getWhere', Array)
#6 D:\Bayu Sugara\Belajar\React JS\KasirApp\backend\vendor\codeigniter4\framework\system\CodeIgniter.php(918): App\Controllers\Products->show('Makanan')
#7 D:\Bayu Sugara\Belajar\React JS\KasirApp\backend\vendor\codeigniter4\framework\system\CodeIgniter.php(404): CodeIgniter\CodeIgniter->runController(Object(App\Controllers\Products))
#8 D:\Bayu Sugara\Belajar\React JS\KasirApp\backend\vendor\codeigniter4\framework\system\CodeIgniter.php(312): CodeIgniter\CodeIgniter->handleRequest(NULL, Object(Config\Cache), false)
#9 D:\Bayu Sugara\Belajar\React JS\KasirApp\backend\public\index.php(45): CodeIgniter\CodeIgniter->run()
#10 D:\Bayu Sugara\Belajar\React JS\KasirApp\backend\vendor\codeigniter4\framework\system\Commands\Server\rewrite.php(34): require_once('D:\\Bayu Sugara\\...')
#11 {main}
CRITICAL - 2021-03-23 04:28:54 --> Unknown column 'product_id' in 'where clause'
#0 D:\Bayu Sugara\Belajar\React JS\KasirApp\backend\vendor\codeigniter4\framework\system\Database\MySQLi\Connection.php(331): mysqli->query('SELECT *\nFROM `...')
#1 D:\Bayu Sugara\Belajar\React JS\KasirApp\backend\vendor\codeigniter4\framework\system\Database\BaseConnection.php(741): CodeIgniter\Database\MySQLi\Connection->execute('SELECT *\nFROM `...')
#2 D:\Bayu Sugara\Belajar\React JS\KasirApp\backend\vendor\codeigniter4\framework\system\Database\BaseConnection.php(669): CodeIgniter\Database\BaseConnection->simpleQuery('SELECT *\nFROM `...')
#3 D:\Bayu Sugara\Belajar\React JS\KasirApp\backend\vendor\codeigniter4\framework\system\Database\BaseBuilder.php(2019): CodeIgniter\Database\BaseConnection->query('SELECT *\nFROM `...', Array, false)
#4 D:\Bayu Sugara\Belajar\React JS\KasirApp\backend\vendor\codeigniter4\framework\system\Model.php(1818): CodeIgniter\Database\BaseBuilder->getWhere(Array)
#5 D:\Bayu Sugara\Belajar\React JS\KasirApp\backend\app\Controllers\Products.php(25): CodeIgniter\Model->__call('getWhere', Array)
#6 D:\Bayu Sugara\Belajar\React JS\KasirApp\backend\vendor\codeigniter4\framework\system\CodeIgniter.php(918): App\Controllers\Products->show('Minuman')
#7 D:\Bayu Sugara\Belajar\React JS\KasirApp\backend\vendor\codeigniter4\framework\system\CodeIgniter.php(404): CodeIgniter\CodeIgniter->runController(Object(App\Controllers\Products))
#8 D:\Bayu Sugara\Belajar\React JS\KasirApp\backend\vendor\codeigniter4\framework\system\CodeIgniter.php(312): CodeIgniter\CodeIgniter->handleRequest(NULL, Object(Config\Cache), false)
#9 D:\Bayu Sugara\Belajar\React JS\KasirApp\backend\public\index.php(45): CodeIgniter\CodeIgniter->run()
#10 D:\Bayu Sugara\Belajar\React JS\KasirApp\backend\vendor\codeigniter4\framework\system\Commands\Server\rewrite.php(34): require_once('D:\\Bayu Sugara\\...')
#11 {main}
CRITICAL - 2021-03-23 04:28:55 --> Unknown column 'product_id' in 'where clause'
#0 D:\Bayu Sugara\Belajar\React JS\KasirApp\backend\vendor\codeigniter4\framework\system\Database\MySQLi\Connection.php(331): mysqli->query('SELECT *\nFROM `...')
#1 D:\Bayu Sugara\Belajar\React JS\KasirApp\backend\vendor\codeigniter4\framework\system\Database\BaseConnection.php(741): CodeIgniter\Database\MySQLi\Connection->execute('SELECT *\nFROM `...')
#2 D:\Bayu Sugara\Belajar\React JS\KasirApp\backend\vendor\codeigniter4\framework\system\Database\BaseConnection.php(669): CodeIgniter\Database\BaseConnection->simpleQuery('SELECT *\nFROM `...')
#3 D:\Bayu Sugara\Belajar\React JS\KasirApp\backend\vendor\codeigniter4\framework\system\Database\BaseBuilder.php(2019): CodeIgniter\Database\BaseConnection->query('SELECT *\nFROM `...', Array, false)
#4 D:\Bayu Sugara\Belajar\React JS\KasirApp\backend\vendor\codeigniter4\framework\system\Model.php(1818): CodeIgniter\Database\BaseBuilder->getWhere(Array)
#5 D:\Bayu Sugara\Belajar\React JS\KasirApp\backend\app\Controllers\Products.php(25): CodeIgniter\Model->__call('getWhere', Array)
#6 D:\Bayu Sugara\Belajar\React JS\KasirApp\backend\vendor\codeigniter4\framework\system\CodeIgniter.php(918): App\Controllers\Products->show('Cemilan')
#7 D:\Bayu Sugara\Belajar\React JS\KasirApp\backend\vendor\codeigniter4\framework\system\CodeIgniter.php(404): CodeIgniter\CodeIgniter->runController(Object(App\Controllers\Products))
#8 D:\Bayu Sugara\Belajar\React JS\KasirApp\backend\vendor\codeigniter4\framework\system\CodeIgniter.php(312): CodeIgniter\CodeIgniter->handleRequest(NULL, Object(Config\Cache), false)
#9 D:\Bayu Sugara\Belajar\React JS\KasirApp\backend\public\index.php(45): CodeIgniter\CodeIgniter->run()
#10 D:\Bayu Sugara\Belajar\React JS\KasirApp\backend\vendor\codeigniter4\framework\system\Commands\Server\rewrite.php(34): require_once('D:\\Bayu Sugara\\...')
#11 {main}
CRITICAL - 2021-03-23 04:28:55 --> Unknown column 'product_id' in 'where clause'
#0 D:\Bayu Sugara\Belajar\React JS\KasirApp\backend\vendor\codeigniter4\framework\system\Database\MySQLi\Connection.php(331): mysqli->query('SELECT *\nFROM `...')
#1 D:\Bayu Sugara\Belajar\React JS\KasirApp\backend\vendor\codeigniter4\framework\system\Database\BaseConnection.php(741): CodeIgniter\Database\MySQLi\Connection->execute('SELECT *\nFROM `...')
#2 D:\Bayu Sugara\Belajar\React JS\KasirApp\backend\vendor\codeigniter4\framework\system\Database\BaseConnection.php(669): CodeIgniter\Database\BaseConnection->simpleQuery('SELECT *\nFROM `...')
#3 D:\Bayu Sugara\Belajar\React JS\KasirApp\backend\vendor\codeigniter4\framework\system\Database\BaseBuilder.php(2019): CodeIgniter\Database\BaseConnection->query('SELECT *\nFROM `...', Array, false)
#4 D:\Bayu Sugara\Belajar\React JS\KasirApp\backend\vendor\codeigniter4\framework\system\Model.php(1818): CodeIgniter\Database\BaseBuilder->getWhere(Array)
#5 D:\Bayu Sugara\Belajar\React JS\KasirApp\backend\app\Controllers\Products.php(25): CodeIgniter\Model->__call('getWhere', Array)
#6 D:\Bayu Sugara\Belajar\React JS\KasirApp\backend\vendor\codeigniter4\framework\system\CodeIgniter.php(918): App\Controllers\Products->show('Makanan')
#7 D:\Bayu Sugara\Belajar\React JS\KasirApp\backend\vendor\codeigniter4\framework\system\CodeIgniter.php(404): CodeIgniter\CodeIgniter->runController(Object(App\Controllers\Products))
#8 D:\Bayu Sugara\Belajar\React JS\KasirApp\backend\vendor\codeigniter4\framework\system\CodeIgniter.php(312): CodeIgniter\CodeIgniter->handleRequest(NULL, Object(Config\Cache), false)
#9 D:\Bayu Sugara\Belajar\React JS\KasirApp\backend\public\index.php(45): CodeIgniter\CodeIgniter->run()
#10 D:\Bayu Sugara\Belajar\React JS\KasirApp\backend\vendor\codeigniter4\framework\system\Commands\Server\rewrite.php(34): require_once('D:\\Bayu Sugara\\...')
#11 {main}
CRITICAL - 2021-03-23 04:28:58 --> Unknown column 'product_id' in 'where clause'
#0 D:\Bayu Sugara\Belajar\React JS\KasirApp\backend\vendor\codeigniter4\framework\system\Database\MySQLi\Connection.php(331): mysqli->query('SELECT *\nFROM `...')
#1 D:\Bayu Sugara\Belajar\React JS\KasirApp\backend\vendor\codeigniter4\framework\system\Database\BaseConnection.php(741): CodeIgniter\Database\MySQLi\Connection->execute('SELECT *\nFROM `...')
#2 D:\Bayu Sugara\Belajar\React JS\KasirApp\backend\vendor\codeigniter4\framework\system\Database\BaseConnection.php(669): CodeIgniter\Database\BaseConnection->simpleQuery('SELECT *\nFROM `...')
#3 D:\Bayu Sugara\Belajar\React JS\KasirApp\backend\vendor\codeigniter4\framework\system\Database\BaseBuilder.php(2019): CodeIgniter\Database\BaseConnection->query('SELECT *\nFROM `...', Array, false)
#4 D:\Bayu Sugara\Belajar\React JS\KasirApp\backend\vendor\codeigniter4\framework\system\Model.php(1818): CodeIgniter\Database\BaseBuilder->getWhere(Array)
#5 D:\Bayu Sugara\Belajar\React JS\KasirApp\backend\app\Controllers\Products.php(25): CodeIgniter\Model->__call('getWhere', Array)
#6 D:\Bayu Sugara\Belajar\React JS\KasirApp\backend\vendor\codeigniter4\framework\system\CodeIgniter.php(918): App\Controllers\Products->show('Minuman')
#7 D:\Bayu Sugara\Belajar\React JS\KasirApp\backend\vendor\codeigniter4\framework\system\CodeIgniter.php(404): CodeIgniter\CodeIgniter->runController(Object(App\Controllers\Products))
#8 D:\Bayu Sugara\Belajar\React JS\KasirApp\backend\vendor\codeigniter4\framework\system\CodeIgniter.php(312): CodeIgniter\CodeIgniter->handleRequest(NULL, Object(Config\Cache), false)
#9 D:\Bayu Sugara\Belajar\React JS\KasirApp\backend\public\index.php(45): CodeIgniter\CodeIgniter->run()
#10 D:\Bayu Sugara\Belajar\React JS\KasirApp\backend\vendor\codeigniter4\framework\system\Commands\Server\rewrite.php(34): require_once('D:\\Bayu Sugara\\...')
#11 {main}
CRITICAL - 2021-03-23 04:28:59 --> Unknown column 'product_id' in 'where clause'
#0 D:\Bayu Sugara\Belajar\React JS\KasirApp\backend\vendor\codeigniter4\framework\system\Database\MySQLi\Connection.php(331): mysqli->query('SELECT *\nFROM `...')
#1 D:\Bayu Sugara\Belajar\React JS\KasirApp\backend\vendor\codeigniter4\framework\system\Database\BaseConnection.php(741): CodeIgniter\Database\MySQLi\Connection->execute('SELECT *\nFROM `...')
#2 D:\Bayu Sugara\Belajar\React JS\KasirApp\backend\vendor\codeigniter4\framework\system\Database\BaseConnection.php(669): CodeIgniter\Database\BaseConnection->simpleQuery('SELECT *\nFROM `...')
#3 D:\Bayu Sugara\Belajar\React JS\KasirApp\backend\vendor\codeigniter4\framework\system\Database\BaseBuilder.php(2019): CodeIgniter\Database\BaseConnection->query('SELECT *\nFROM `...', Array, false)
#4 D:\Bayu Sugara\Belajar\React JS\KasirApp\backend\vendor\codeigniter4\framework\system\Model.php(1818): CodeIgniter\Database\BaseBuilder->getWhere(Array)
#5 D:\Bayu Sugara\Belajar\React JS\KasirApp\backend\app\Controllers\Products.php(25): CodeIgniter\Model->__call('getWhere', Array)
#6 D:\Bayu Sugara\Belajar\React JS\KasirApp\backend\vendor\codeigniter4\framework\system\CodeIgniter.php(918): App\Controllers\Products->show('Cemilan')
#7 D:\Bayu Sugara\Belajar\React JS\KasirApp\backend\vendor\codeigniter4\framework\system\CodeIgniter.php(404): CodeIgniter\CodeIgniter->runController(Object(App\Controllers\Products))
#8 D:\Bayu Sugara\Belajar\React JS\KasirApp\backend\vendor\codeigniter4\framework\system\CodeIgniter.php(312): CodeIgniter\CodeIgniter->handleRequest(NULL, Object(Config\Cache), false)
#9 D:\Bayu Sugara\Belajar\React JS\KasirApp\backend\public\index.php(45): CodeIgniter\CodeIgniter->run()
#10 D:\Bayu Sugara\Belajar\React JS\KasirApp\backend\vendor\codeigniter4\framework\system\Commands\Server\rewrite.php(34): require_once('D:\\Bayu Sugara\\...')
#11 {main}
CRITICAL - 2021-03-23 04:28:59 --> Unknown column 'product_id' in 'where clause'
#0 D:\Bayu Sugara\Belajar\React JS\KasirApp\backend\vendor\codeigniter4\framework\system\Database\MySQLi\Connection.php(331): mysqli->query('SELECT *\nFROM `...')
#1 D:\Bayu Sugara\Belajar\React JS\KasirApp\backend\vendor\codeigniter4\framework\system\Database\BaseConnection.php(741): CodeIgniter\Database\MySQLi\Connection->execute('SELECT *\nFROM `...')
#2 D:\Bayu Sugara\Belajar\React JS\KasirApp\backend\vendor\codeigniter4\framework\system\Database\BaseConnection.php(669): CodeIgniter\Database\BaseConnection->simpleQuery('SELECT *\nFROM `...')
#3 D:\Bayu Sugara\Belajar\React JS\KasirApp\backend\vendor\codeigniter4\framework\system\Database\BaseBuilder.php(2019): CodeIgniter\Database\BaseConnection->query('SELECT *\nFROM `...', Array, false)
#4 D:\Bayu Sugara\Belajar\React JS\KasirApp\backend\vendor\codeigniter4\framework\system\Model.php(1818): CodeIgniter\Database\BaseBuilder->getWhere(Array)
#5 D:\Bayu Sugara\Belajar\React JS\KasirApp\backend\app\Controllers\Products.php(25): CodeIgniter\Model->__call('getWhere', Array)
#6 D:\Bayu Sugara\Belajar\React JS\KasirApp\backend\vendor\codeigniter4\framework\system\CodeIgniter.php(918): App\Controllers\Products->show('Makanan')
#7 D:\Bayu Sugara\Belajar\React JS\KasirApp\backend\vendor\codeigniter4\framework\system\CodeIgniter.php(404): CodeIgniter\CodeIgniter->runController(Object(App\Controllers\Products))
#8 D:\Bayu Sugara\Belajar\React JS\KasirApp\backend\vendor\codeigniter4\framework\system\CodeIgniter.php(312): CodeIgniter\CodeIgniter->handleRequest(NULL, Object(Config\Cache), false)
#9 D:\Bayu Sugara\Belajar\React JS\KasirApp\backend\public\index.php(45): CodeIgniter\CodeIgniter->run()
#10 D:\Bayu Sugara\Belajar\React JS\KasirApp\backend\vendor\codeigniter4\framework\system\Commands\Server\rewrite.php(34): require_once('D:\\Bayu Sugara\\...')
#11 {main}
CRITICAL - 2021-03-23 04:29:01 --> Unknown column 'product_id' in 'where clause'
#0 D:\Bayu Sugara\Belajar\React JS\KasirApp\backend\vendor\codeigniter4\framework\system\Database\MySQLi\Connection.php(331): mysqli->query('SELECT *\nFROM `...')
#1 D:\Bayu Sugara\Belajar\React JS\KasirApp\backend\vendor\codeigniter4\framework\system\Database\BaseConnection.php(741): CodeIgniter\Database\MySQLi\Connection->execute('SELECT *\nFROM `...')
#2 D:\Bayu Sugara\Belajar\React JS\KasirApp\backend\vendor\codeigniter4\framework\system\Database\BaseConnection.php(669): CodeIgniter\Database\BaseConnection->simpleQuery('SELECT *\nFROM `...')
#3 D:\Bayu Sugara\Belajar\React JS\KasirApp\backend\vendor\codeigniter4\framework\system\Database\BaseBuilder.php(2019): CodeIgniter\Database\BaseConnection->query('SELECT *\nFROM `...', Array, false)
#4 D:\Bayu Sugara\Belajar\React JS\KasirApp\backend\vendor\codeigniter4\framework\system\Model.php(1818): CodeIgniter\Database\BaseBuilder->getWhere(Array)
#5 D:\Bayu Sugara\Belajar\React JS\KasirApp\backend\app\Controllers\Products.php(25): CodeIgniter\Model->__call('getWhere', Array)
#6 D:\Bayu Sugara\Belajar\React JS\KasirApp\backend\vendor\codeigniter4\framework\system\CodeIgniter.php(918): App\Controllers\Products->show('Minuman')
#7 D:\Bayu Sugara\Belajar\React JS\KasirApp\backend\vendor\codeigniter4\framework\system\CodeIgniter.php(404): CodeIgniter\CodeIgniter->runController(Object(App\Controllers\Products))
#8 D:\Bayu Sugara\Belajar\React JS\KasirApp\backend\vendor\codeigniter4\framework\system\CodeIgniter.php(312): CodeIgniter\CodeIgniter->handleRequest(NULL, Object(Config\Cache), false)
#9 D:\Bayu Sugara\Belajar\React JS\KasirApp\backend\public\index.php(45): CodeIgniter\CodeIgniter->run()
#10 D:\Bayu Sugara\Belajar\React JS\KasirApp\backend\vendor\codeigniter4\framework\system\Commands\Server\rewrite.php(34): require_once('D:\\Bayu Sugara\\...')
#11 {main}
CRITICAL - 2021-03-23 04:29:01 --> Unknown column 'product_id' in 'where clause'
#0 D:\Bayu Sugara\Belajar\React JS\KasirApp\backend\vendor\codeigniter4\framework\system\Database\MySQLi\Connection.php(331): mysqli->query('SELECT *\nFROM `...')
#1 D:\Bayu Sugara\Belajar\React JS\KasirApp\backend\vendor\codeigniter4\framework\system\Database\BaseConnection.php(741): CodeIgniter\Database\MySQLi\Connection->execute('SELECT *\nFROM `...')
#2 D:\Bayu Sugara\Belajar\React JS\KasirApp\backend\vendor\codeigniter4\framework\system\Database\BaseConnection.php(669): CodeIgniter\Database\BaseConnection->simpleQuery('SELECT *\nFROM `...')
#3 D:\Bayu Sugara\Belajar\React JS\KasirApp\backend\vendor\codeigniter4\framework\system\Database\BaseBuilder.php(2019): CodeIgniter\Database\BaseConnection->query('SELECT *\nFROM `...', Array, false)
#4 D:\Bayu Sugara\Belajar\React JS\KasirApp\backend\vendor\codeigniter4\framework\system\Model.php(1818): CodeIgniter\Database\BaseBuilder->getWhere(Array)
#5 D:\Bayu Sugara\Belajar\React JS\KasirApp\backend\app\Controllers\Products.php(25): CodeIgniter\Model->__call('getWhere', Array)
#6 D:\Bayu Sugara\Belajar\React JS\KasirApp\backend\vendor\codeigniter4\framework\system\CodeIgniter.php(918): App\Controllers\Products->show('Makanan')
#7 D:\Bayu Sugara\Belajar\React JS\KasirApp\backend\vendor\codeigniter4\framework\system\CodeIgniter.php(404): CodeIgniter\CodeIgniter->runController(Object(App\Controllers\Products))
#8 D:\Bayu Sugara\Belajar\React JS\KasirApp\backend\vendor\codeigniter4\framework\system\CodeIgniter.php(312): CodeIgniter\CodeIgniter->handleRequest(NULL, Object(Config\Cache), false)
#9 D:\Bayu Sugara\Belajar\React JS\KasirApp\backend\public\index.php(45): CodeIgniter\CodeIgniter->run()
#10 D:\Bayu Sugara\Belajar\React JS\KasirApp\backend\vendor\codeigniter4\framework\system\Commands\Server\rewrite.php(34): require_once('D:\\Bayu Sugara\\...')
#11 {main}
CRITICAL - 2021-03-23 04:53:18 --> Column 'id_category' in where clause is ambiguous
#0 D:\Bayu Sugara\Belajar\React JS\KasirApp\backend\vendor\codeigniter4\framework\system\Database\MySQLi\Connection.php(331): mysqli->query('SELECT *, `cate...')
#1 D:\Bayu Sugara\Belajar\React JS\KasirApp\backend\vendor\codeigniter4\framework\system\Database\BaseConnection.php(741): CodeIgniter\Database\MySQLi\Connection->execute('SELECT *, `cate...')
#2 D:\Bayu Sugara\Belajar\React JS\KasirApp\backend\vendor\codeigniter4\framework\system\Database\BaseConnection.php(669): CodeIgniter\Database\BaseConnection->simpleQuery('SELECT *, `cate...')
#3 D:\Bayu Sugara\Belajar\React JS\KasirApp\backend\vendor\codeigniter4\framework\system\Database\BaseBuilder.php(1860): CodeIgniter\Database\BaseConnection->query('SELECT *, `cate...', Array, false)
#4 D:\Bayu Sugara\Belajar\React JS\KasirApp\backend\vendor\codeigniter4\framework\system\Model.php(1818): CodeIgniter\Database\BaseBuilder->get()
#5 D:\Bayu Sugara\Belajar\React JS\KasirApp\backend\app\Models\ProductModel.php(22): CodeIgniter\Model->__call('get', Array)
#6 D:\Bayu Sugara\Belajar\React JS\KasirApp\backend\app\Controllers\Products.php(25): App\Models\ProductModel->tampil1('1')
#7 D:\Bayu Sugara\Belajar\React JS\KasirApp\backend\vendor\codeigniter4\framework\system\CodeIgniter.php(918): App\Controllers\Products->show('1')
#8 D:\Bayu Sugara\Belajar\React JS\KasirApp\backend\vendor\codeigniter4\framework\system\CodeIgniter.php(404): CodeIgniter\CodeIgniter->runController(Object(App\Controllers\Products))
#9 D:\Bayu Sugara\Belajar\React JS\KasirApp\backend\vendor\codeigniter4\framework\system\CodeIgniter.php(312): CodeIgniter\CodeIgniter->handleRequest(NULL, Object(Config\Cache), false)
#10 D:\Bayu Sugara\Belajar\React JS\KasirApp\backend\public\index.php(45): CodeIgniter\CodeIgniter->run()
#11 D:\Bayu Sugara\Belajar\React JS\KasirApp\backend\vendor\codeigniter4\framework\system\Commands\Server\rewrite.php(34): require_once('D:\\Bayu Sugara\\...')
#12 {main}
CRITICAL - 2021-03-23 04:54:21 --> Column 'id_category' in where clause is ambiguous
#0 D:\Bayu Sugara\Belajar\React JS\KasirApp\backend\vendor\codeigniter4\framework\system\Database\MySQLi\Connection.php(331): mysqli->query('SELECT *, `cate...')
#1 D:\Bayu Sugara\Belajar\React JS\KasirApp\backend\vendor\codeigniter4\framework\system\Database\BaseConnection.php(741): CodeIgniter\Database\MySQLi\Connection->execute('SELECT *, `cate...')
#2 D:\Bayu Sugara\Belajar\React JS\KasirApp\backend\vendor\codeigniter4\framework\system\Database\BaseConnection.php(669): CodeIgniter\Database\BaseConnection->simpleQuery('SELECT *, `cate...')
#3 D:\Bayu Sugara\Belajar\React JS\KasirApp\backend\vendor\codeigniter4\framework\system\Database\BaseBuilder.php(1860): CodeIgniter\Database\BaseConnection->query('SELECT *, `cate...', Array, false)
#4 D:\Bayu Sugara\Belajar\React JS\KasirApp\backend\vendor\codeigniter4\framework\system\Model.php(1818): CodeIgniter\Database\BaseBuilder->get()
#5 D:\Bayu Sugara\Belajar\React JS\KasirApp\backend\app\Models\ProductModel.php(22): CodeIgniter\Model->__call('get', Array)
#6 D:\Bayu Sugara\Belajar\React JS\KasirApp\backend\app\Controllers\Products.php(25): App\Models\ProductModel->tampil1('1')
#7 D:\Bayu Sugara\Belajar\React JS\KasirApp\backend\vendor\codeigniter4\framework\system\CodeIgniter.php(918): App\Controllers\Products->show('1')
#8 D:\Bayu Sugara\Belajar\React JS\KasirApp\backend\vendor\codeigniter4\framework\system\CodeIgniter.php(404): CodeIgniter\CodeIgniter->runController(Object(App\Controllers\Products))
#9 D:\Bayu Sugara\Belajar\React JS\KasirApp\backend\vendor\codeigniter4\framework\system\CodeIgniter.php(312): CodeIgniter\CodeIgniter->handleRequest(NULL, Object(Config\Cache), false)
#10 D:\Bayu Sugara\Belajar\React JS\KasirApp\backend\public\index.php(45): CodeIgniter\CodeIgniter->run()
#11 D:\Bayu Sugara\Belajar\React JS\KasirApp\backend\vendor\codeigniter4\framework\system\Commands\Server\rewrite.php(34): require_once('D:\\Bayu Sugara\\...')
#12 {main}
CRITICAL - 2021-03-23 21:34:27 --> Unable to connect to the database.
#0 D:\Bayu Sugara\Belajar\React JS\KasirApp\backend\vendor\codeigniter4\framework\system\Database\BaseConnection.php(646): CodeIgniter\Database\BaseConnection->initialize()
#1 D:\Bayu Sugara\Belajar\React JS\KasirApp\backend\vendor\codeigniter4\framework\system\Database\BaseBuilder.php(1860): CodeIgniter\Database\BaseConnection->query('SELECT *\nFROM `...', Array, false)
#2 D:\Bayu Sugara\Belajar\React JS\KasirApp\backend\vendor\codeigniter4\framework\system\Model.php(462): CodeIgniter\Database\BaseBuilder->get()
#3 D:\Bayu Sugara\Belajar\React JS\KasirApp\backend\app\Controllers\Category.php(17): CodeIgniter\Model->findAll()
#4 D:\Bayu Sugara\Belajar\React JS\KasirApp\backend\vendor\codeigniter4\framework\system\CodeIgniter.php(918): App\Controllers\Category->index()
#5 D:\Bayu Sugara\Belajar\React JS\KasirApp\backend\vendor\codeigniter4\framework\system\CodeIgniter.php(404): CodeIgniter\CodeIgniter->runController(Object(App\Controllers\Category))
#6 D:\Bayu Sugara\Belajar\React JS\KasirApp\backend\vendor\codeigniter4\framework\system\CodeIgniter.php(312): CodeIgniter\CodeIgniter->handleRequest(NULL, Object(Config\Cache), false)
#7 D:\Bayu Sugara\Belajar\React JS\KasirApp\backend\public\index.php(45): CodeIgniter\CodeIgniter->run()
#8 D:\Bayu Sugara\Belajar\React JS\KasirApp\backend\vendor\codeigniter4\framework\system\Commands\Server\rewrite.php(34): require_once('D:\\Bayu Sugara\\...')
#9 {main}
CRITICAL - 2021-03-23 23:43:09 --> syntax error, unexpected 'protected' (T_PROTECTED), expecting ',' or ';'
#0 D:\Bayu Sugara\Belajar\React JS\KasirApp\backend\vendor\codeigniter4\framework\system\Autoloader\Autoloader.php(296): CodeIgniter\Autoloader\Autoloader->requireFile('D:\\Bayu Sugara\\...')
#1 D:\Bayu Sugara\Belajar\React JS\KasirApp\backend\vendor\codeigniter4\framework\system\Autoloader\Autoloader.php(258): CodeIgniter\Autoloader\Autoloader->loadInNamespace('App\\Models\\Kera...')
#2 [internal function]: CodeIgniter\Autoloader\Autoloader->loadClass('App\\Models\\Kera...')
#3 D:\Bayu Sugara\Belajar\React JS\KasirApp\backend\app\Controllers\Keranjang.php(17): spl_autoload_call('App\\Models\\Kera...')
#4 D:\Bayu Sugara\Belajar\React JS\KasirApp\backend\vendor\codeigniter4\framework\system\CodeIgniter.php(918): App\Controllers\Keranjang->index()
#5 D:\Bayu Sugara\Belajar\React JS\KasirApp\backend\vendor\codeigniter4\framework\system\CodeIgniter.php(404): CodeIgniter\CodeIgniter->runController(Object(App\Controllers\Keranjang))
#6 D:\Bayu Sugara\Belajar\React JS\KasirApp\backend\vendor\codeigniter4\framework\system\CodeIgniter.php(312): CodeIgniter\CodeIgniter->handleRequest(NULL, Object(Config\Cache), false)
#7 D:\Bayu Sugara\Belajar\React JS\KasirApp\backend\public\index.php(45): CodeIgniter\CodeIgniter->run()
#8 D:\Bayu Sugara\Belajar\React JS\KasirApp\backend\vendor\codeigniter4\framework\system\Commands\Server\rewrite.php(34): require_once('D:\\Bayu Sugara\\...')
#9 {main}
CRITICAL - 2021-03-23 23:43:34 --> You must use the "set" method to update an entry.
#0 D:\Bayu Sugara\Belajar\React JS\KasirApp\backend\vendor\codeigniter4\framework\system\Database\BaseBuilder.php(2234): CodeIgniter\Database\BaseBuilder->validateInsert()
#1 D:\Bayu Sugara\Belajar\React JS\KasirApp\backend\vendor\codeigniter4\framework\system\Model.php(755): CodeIgniter\Database\BaseBuilder->insert()
#2 D:\Bayu Sugara\Belajar\React JS\KasirApp\backend\app\Controllers\Keranjang.php(44): CodeIgniter\Model->insert(Array)
#3 D:\Bayu Sugara\Belajar\React JS\KasirApp\backend\vendor\codeigniter4\framework\system\CodeIgniter.php(918): App\Controllers\Keranjang->create()
#4 D:\Bayu Sugara\Belajar\React JS\KasirApp\backend\vendor\codeigniter4\framework\system\CodeIgniter.php(404): CodeIgniter\CodeIgniter->runController(Object(App\Controllers\Keranjang))
#5 D:\Bayu Sugara\Belajar\React JS\KasirApp\backend\vendor\codeigniter4\framework\system\CodeIgniter.php(312): CodeIgniter\CodeIgniter->handleRequest(NULL, Object(Config\Cache), false)
#6 D:\Bayu Sugara\Belajar\React JS\KasirApp\backend\public\index.php(45): CodeIgniter\CodeIgniter->run()
#7 D:\Bayu Sugara\Belajar\React JS\KasirApp\backend\vendor\codeigniter4\framework\system\Commands\Server\rewrite.php(34): require_once('D:\\Bayu Sugara\\...')
#8 {main}
CRITICAL - 2021-03-23 23:45:43 --> You must use the "set" method to update an entry.
#0 D:\Bayu Sugara\Belajar\React JS\KasirApp\backend\vendor\codeigniter4\framework\system\Database\BaseBuilder.php(2234): CodeIgniter\Database\BaseBuilder->validateInsert()
#1 D:\Bayu Sugara\Belajar\React JS\KasirApp\backend\vendor\codeigniter4\framework\system\Model.php(755): CodeIgniter\Database\BaseBuilder->insert()
#2 D:\Bayu Sugara\Belajar\React JS\KasirApp\backend\app\Controllers\Keranjang.php(44): CodeIgniter\Model->insert(Array)
#3 D:\Bayu Sugara\Belajar\React JS\KasirApp\backend\vendor\codeigniter4\framework\system\CodeIgniter.php(918): App\Controllers\Keranjang->create()
#4 D:\Bayu Sugara\Belajar\React JS\KasirApp\backend\vendor\codeigniter4\framework\system\CodeIgniter.php(404): CodeIgniter\CodeIgniter->runController(Object(App\Controllers\Keranjang))
#5 D:\Bayu Sugara\Belajar\React JS\KasirApp\backend\vendor\codeigniter4\framework\system\CodeIgniter.php(312): CodeIgniter\CodeIgniter->handleRequest(NULL, Object(Config\Cache), false)
#6 D:\Bayu Sugara\Belajar\React JS\KasirApp\backend\public\index.php(45): CodeIgniter\CodeIgniter->run()
#7 D:\Bayu Sugara\Belajar\React JS\KasirApp\backend\vendor\codeigniter4\framework\system\Commands\Server\rewrite.php(34): require_once('D:\\Bayu Sugara\\...')
#8 {main}
CRITICAL - 2021-03-23 23:47:13 --> You must use the "set" method to update an entry.
#0 D:\Bayu Sugara\Belajar\React JS\KasirApp\backend\vendor\codeigniter4\framework\system\Database\BaseBuilder.php(2234): CodeIgniter\Database\BaseBuilder->validateInsert()
#1 D:\Bayu Sugara\Belajar\React JS\KasirApp\backend\vendor\codeigniter4\framework\system\Model.php(755): CodeIgniter\Database\BaseBuilder->insert()
#2 D:\Bayu Sugara\Belajar\React JS\KasirApp\backend\app\Controllers\Keranjang.php(44): CodeIgniter\Model->insert(Array)
#3 D:\Bayu Sugara\Belajar\React JS\KasirApp\backend\vendor\codeigniter4\framework\system\CodeIgniter.php(918): App\Controllers\Keranjang->create()
#4 D:\Bayu Sugara\Belajar\React JS\KasirApp\backend\vendor\codeigniter4\framework\system\CodeIgniter.php(404): CodeIgniter\CodeIgniter->runController(Object(App\Controllers\Keranjang))
#5 D:\Bayu Sugara\Belajar\React JS\KasirApp\backend\vendor\codeigniter4\framework\system\CodeIgniter.php(312): CodeIgniter\CodeIgniter->handleRequest(NULL, Object(Config\Cache), false)
#6 D:\Bayu Sugara\Belajar\React JS\KasirApp\backend\public\index.php(45): CodeIgniter\CodeIgniter->run()
#7 D:\Bayu Sugara\Belajar\React JS\KasirApp\backend\vendor\codeigniter4\framework\system\Commands\Server\rewrite.php(34): require_once('D:\\Bayu Sugara\\...')
#8 {main}
CRITICAL - 2021-03-23 23:47:16 --> You must use the "set" method to update an entry.
#0 D:\Bayu Sugara\Belajar\React JS\KasirApp\backend\vendor\codeigniter4\framework\system\Database\BaseBuilder.php(2234): CodeIgniter\Database\BaseBuilder->validateInsert()
#1 D:\Bayu Sugara\Belajar\React JS\KasirApp\backend\vendor\codeigniter4\framework\system\Model.php(755): CodeIgniter\Database\BaseBuilder->insert()
#2 D:\Bayu Sugara\Belajar\React JS\KasirApp\backend\app\Controllers\Keranjang.php(44): CodeIgniter\Model->insert(Array)
#3 D:\Bayu Sugara\Belajar\React JS\KasirApp\backend\vendor\codeigniter4\framework\system\CodeIgniter.php(918): App\Controllers\Keranjang->create()
#4 D:\Bayu Sugara\Belajar\React JS\KasirApp\backend\vendor\codeigniter4\framework\system\CodeIgniter.php(404): CodeIgniter\CodeIgniter->runController(Object(App\Controllers\Keranjang))
#5 D:\Bayu Sugara\Belajar\React JS\KasirApp\backend\vendor\codeigniter4\framework\system\CodeIgniter.php(312): CodeIgniter\CodeIgniter->handleRequest(NULL, Object(Config\Cache), false)
#6 D:\Bayu Sugara\Belajar\React JS\KasirApp\backend\public\index.php(45): CodeIgniter\CodeIgniter->run()
#7 D:\Bayu Sugara\Belajar\React JS\KasirApp\backend\vendor\codeigniter4\framework\system\Commands\Server\rewrite.php(34): require_once('D:\\Bayu Sugara\\...')
#8 {main}
CRITICAL - 2021-03-23 23:47:17 --> You must use the "set" method to update an entry.
#0 D:\Bayu Sugara\Belajar\React JS\KasirApp\backend\vendor\codeigniter4\framework\system\Database\BaseBuilder.php(2234): CodeIgniter\Database\BaseBuilder->validateInsert()
#1 D:\Bayu Sugara\Belajar\React JS\KasirApp\backend\vendor\codeigniter4\framework\system\Model.php(755): CodeIgniter\Database\BaseBuilder->insert()
#2 D:\Bayu Sugara\Belajar\React JS\KasirApp\backend\app\Controllers\Keranjang.php(44): CodeIgniter\Model->insert(Array)
#3 D:\Bayu Sugara\Belajar\React JS\KasirApp\backend\vendor\codeigniter4\framework\system\CodeIgniter.php(918): App\Controllers\Keranjang->create()
#4 D:\Bayu Sugara\Belajar\React JS\KasirApp\backend\vendor\codeigniter4\framework\system\CodeIgniter.php(404): CodeIgniter\CodeIgniter->runController(Object(App\Controllers\Keranjang))
#5 D:\Bayu Sugara\Belajar\React JS\KasirApp\backend\vendor\codeigniter4\framework\system\CodeIgniter.php(312): CodeIgniter\CodeIgniter->handleRequest(NULL, Object(Config\Cache), false)
#6 D:\Bayu Sugara\Belajar\React JS\KasirApp\backend\public\index.php(45): CodeIgniter\CodeIgniter->run()
#7 D:\Bayu Sugara\Belajar\React JS\KasirApp\backend\vendor\codeigniter4\framework\system\Commands\Server\rewrite.php(34): require_once('D:\\Bayu Sugara\\...')
#8 {main}
CRITICAL - 2021-03-23 23:47:17 --> You must use the "set" method to update an entry.
#0 D:\Bayu Sugara\Belajar\React JS\KasirApp\backend\vendor\codeigniter4\framework\system\Database\BaseBuilder.php(2234): CodeIgniter\Database\BaseBuilder->validateInsert()
#1 D:\Bayu Sugara\Belajar\React JS\KasirApp\backend\vendor\codeigniter4\framework\system\Model.php(755): CodeIgniter\Database\BaseBuilder->insert()
#2 D:\Bayu Sugara\Belajar\React JS\KasirApp\backend\app\Controllers\Keranjang.php(44): CodeIgniter\Model->insert(Array)
#3 D:\Bayu Sugara\Belajar\React JS\KasirApp\backend\vendor\codeigniter4\framework\system\CodeIgniter.php(918): App\Controllers\Keranjang->create()
#4 D:\Bayu Sugara\Belajar\React JS\KasirApp\backend\vendor\codeigniter4\framework\system\CodeIgniter.php(404): CodeIgniter\CodeIgniter->runController(Object(App\Controllers\Keranjang))
#5 D:\Bayu Sugara\Belajar\React JS\KasirApp\backend\vendor\codeigniter4\framework\system\CodeIgniter.php(312): CodeIgniter\CodeIgniter->handleRequest(NULL, Object(Config\Cache), false)
#6 D:\Bayu Sugara\Belajar\React JS\KasirApp\backend\public\index.php(45): CodeIgniter\CodeIgniter->run()
#7 D:\Bayu Sugara\Belajar\React JS\KasirApp\backend\vendor\codeigniter4\framework\system\Commands\Server\rewrite.php(34): require_once('D:\\Bayu Sugara\\...')
#8 {main}
CRITICAL - 2021-03-23 23:50:17 --> syntax error, unexpected 'protected' (T_PROTECTED), expecting ',' or ';'
#0 D:\Bayu Sugara\Belajar\React JS\KasirApp\backend\vendor\codeigniter4\framework\system\Autoloader\Autoloader.php(296): CodeIgniter\Autoloader\Autoloader->requireFile('D:\\Bayu Sugara\\...')
#1 D:\Bayu Sugara\Belajar\React JS\KasirApp\backend\vendor\codeigniter4\framework\system\Autoloader\Autoloader.php(258): CodeIgniter\Autoloader\Autoloader->loadInNamespace('App\\Models\\Kera...')
#2 [internal function]: CodeIgniter\Autoloader\Autoloader->loadClass('App\\Models\\Kera...')
#3 D:\Bayu Sugara\Belajar\React JS\KasirApp\backend\app\Controllers\Keranjang.php(37): spl_autoload_call('App\\Models\\Kera...')
#4 D:\Bayu Sugara\Belajar\React JS\KasirApp\backend\vendor\codeigniter4\framework\system\CodeIgniter.php(918): App\Controllers\Keranjang->create()
#5 D:\Bayu Sugara\Belajar\React JS\KasirApp\backend\vendor\codeigniter4\framework\system\CodeIgniter.php(404): CodeIgniter\CodeIgniter->runController(Object(App\Controllers\Keranjang))
#6 D:\Bayu Sugara\Belajar\React JS\KasirApp\backend\vendor\codeigniter4\framework\system\CodeIgniter.php(312): CodeIgniter\CodeIgniter->handleRequest(NULL, Object(Config\Cache), false)
#7 D:\Bayu Sugara\Belajar\React JS\KasirApp\backend\public\index.php(45): CodeIgniter\CodeIgniter->run()
#8 D:\Bayu Sugara\Belajar\React JS\KasirApp\backend\vendor\codeigniter4\framework\system\Commands\Server\rewrite.php(34): require_once('D:\\Bayu Sugara\\...')
#9 {main}
CRITICAL - 2021-03-23 23:56:58 --> syntax error, unexpected 'protected' (T_PROTECTED), expecting ',' or ';'
#0 D:\Bayu Sugara\Belajar\React JS\KasirApp\backend\vendor\codeigniter4\framework\system\Autoloader\Autoloader.php(296): CodeIgniter\Autoloader\Autoloader->requireFile('D:\\Bayu Sugara\\...')
#1 D:\Bayu Sugara\Belajar\React JS\KasirApp\backend\vendor\codeigniter4\framework\system\Autoloader\Autoloader.php(258): CodeIgniter\Autoloader\Autoloader->loadInNamespace('App\\Models\\Kera...')
#2 [internal function]: CodeIgniter\Autoloader\Autoloader->loadClass('App\\Models\\Kera...')
#3 D:\Bayu Sugara\Belajar\React JS\KasirApp\backend\app\Controllers\Keranjang.php(37): spl_autoload_call('App\\Models\\Kera...')
#4 D:\Bayu Sugara\Belajar\React JS\KasirApp\backend\vendor\codeigniter4\framework\system\CodeIgniter.php(918): App\Controllers\Keranjang->create()
#5 D:\Bayu Sugara\Belajar\React JS\KasirApp\backend\vendor\codeigniter4\framework\system\CodeIgniter.php(404): CodeIgniter\CodeIgniter->runController(Object(App\Controllers\Keranjang))
#6 D:\Bayu Sugara\Belajar\React JS\KasirApp\backend\vendor\codeigniter4\framework\system\CodeIgniter.php(312): CodeIgniter\CodeIgniter->handleRequest(NULL, Object(Config\Cache), false)
#7 D:\Bayu Sugara\Belajar\React JS\KasirApp\backend\public\index.php(45): CodeIgniter\CodeIgniter->run()
#8 D:\Bayu Sugara\Belajar\React JS\KasirApp\backend\vendor\codeigniter4\framework\system\Commands\Server\rewrite.php(34): require_once('D:\\Bayu Sugara\\...')
#9 {main}
CRITICAL - 2021-03-23 23:57:14 --> syntax error, unexpected 'protected' (T_PROTECTED), expecting ',' or ';'
#0 D:\Bayu Sugara\Belajar\React JS\KasirApp\backend\vendor\codeigniter4\framework\system\Autoloader\Autoloader.php(296): CodeIgniter\Autoloader\Autoloader->requireFile('D:\\Bayu Sugara\\...')
#1 D:\Bayu Sugara\Belajar\React JS\KasirApp\backend\vendor\codeigniter4\framework\system\Autoloader\Autoloader.php(258): CodeIgniter\Autoloader\Autoloader->loadInNamespace('App\\Models\\Kera...')
#2 [internal function]: CodeIgniter\Autoloader\Autoloader->loadClass('App\\Models\\Kera...')
#3 D:\Bayu Sugara\Belajar\React JS\KasirApp\backend\app\Controllers\Keranjang.php(37): spl_autoload_call('App\\Models\\Kera...')
#4 D:\Bayu Sugara\Belajar\React JS\KasirApp\backend\vendor\codeigniter4\framework\system\CodeIgniter.php(918): App\Controllers\Keranjang->create()
#5 D:\Bayu Sugara\Belajar\React JS\KasirApp\backend\vendor\codeigniter4\framework\system\CodeIgniter.php(404): CodeIgniter\CodeIgniter->runController(Object(App\Controllers\Keranjang))
#6 D:\Bayu Sugara\Belajar\React JS\KasirApp\backend\vendor\codeigniter4\framework\system\CodeIgniter.php(312): CodeIgniter\CodeIgniter->handleRequest(NULL, Object(Config\Cache), false)
#7 D:\Bayu Sugara\Belajar\React JS\KasirApp\backend\public\index.php(45): CodeIgniter\CodeIgniter->run()
#8 D:\Bayu Sugara\Belajar\React JS\KasirApp\backend\vendor\codeigniter4\framework\system\Commands\Server\rewrite.php(34): require_once('D:\\Bayu Sugara\\...')
#9 {main}
CRITICAL - 2021-03-23 23:58:08 --> syntax error, unexpected 'protected' (T_PROTECTED), expecting ',' or ';'
#0 D:\Bayu Sugara\Belajar\React JS\KasirApp\backend\vendor\codeigniter4\framework\system\Autoloader\Autoloader.php(296): CodeIgniter\Autoloader\Autoloader->requireFile('D:\\Bayu Sugara\\...')
#1 D:\Bayu Sugara\Belajar\React JS\KasirApp\backend\vendor\codeigniter4\framework\system\Autoloader\Autoloader.php(258): CodeIgniter\Autoloader\Autoloader->loadInNamespace('App\\Models\\Kera...')
#2 [internal function]: CodeIgniter\Autoloader\Autoloader->loadClass('App\\Models\\Kera...')
#3 D:\Bayu Sugara\Belajar\React JS\KasirApp\backend\app\Controllers\Keranjang.php(37): spl_autoload_call('App\\Models\\Kera...')
#4 D:\Bayu Sugara\Belajar\React JS\KasirApp\backend\vendor\codeigniter4\framework\system\CodeIgniter.php(918): App\Controllers\Keranjang->create()
#5 D:\Bayu Sugara\Belajar\React JS\KasirApp\backend\vendor\codeigniter4\framework\system\CodeIgniter.php(404): CodeIgniter\CodeIgniter->runController(Object(App\Controllers\Keranjang))
#6 D:\Bayu Sugara\Belajar\React JS\KasirApp\backend\vendor\codeigniter4\framework\system\CodeIgniter.php(312): CodeIgniter\CodeIgniter->handleRequest(NULL, Object(Config\Cache), false)
#7 D:\Bayu Sugara\Belajar\React JS\KasirApp\backend\public\index.php(45): CodeIgniter\CodeIgniter->run()
#8 D:\Bayu Sugara\Belajar\React JS\KasirApp\backend\vendor\codeigniter4\framework\system\Commands\Server\rewrite.php(34): require_once('D:\\Bayu Sugara\\...')
#9 {main}
CRITICAL - 2021-03-23 23:58:11 --> syntax error, unexpected 'protected' (T_PROTECTED), expecting ',' or ';'
#0 D:\Bayu Sugara\Belajar\React JS\KasirApp\backend\vendor\codeigniter4\framework\system\Autoloader\Autoloader.php(296): CodeIgniter\Autoloader\Autoloader->requireFile('D:\\Bayu Sugara\\...')
#1 D:\Bayu Sugara\Belajar\React JS\KasirApp\backend\vendor\codeigniter4\framework\system\Autoloader\Autoloader.php(258): CodeIgniter\Autoloader\Autoloader->loadInNamespace('App\\Models\\Kera...')
#2 [internal function]: CodeIgniter\Autoloader\Autoloader->loadClass('App\\Models\\Kera...')
#3 D:\Bayu Sugara\Belajar\React JS\KasirApp\backend\app\Controllers\Keranjang.php(37): spl_autoload_call('App\\Models\\Kera...')
#4 D:\Bayu Sugara\Belajar\React JS\KasirApp\backend\vendor\codeigniter4\framework\system\CodeIgniter.php(918): App\Controllers\Keranjang->create()
#5 D:\Bayu Sugara\Belajar\React JS\KasirApp\backend\vendor\codeigniter4\framework\system\CodeIgniter.php(404): CodeIgniter\CodeIgniter->runController(Object(App\Controllers\Keranjang))
#6 D:\Bayu Sugara\Belajar\React JS\KasirApp\backend\vendor\codeigniter4\framework\system\CodeIgniter.php(312): CodeIgniter\CodeIgniter->handleRequest(NULL, Object(Config\Cache), false)
#7 D:\Bayu Sugara\Belajar\React JS\KasirApp\backend\public\index.php(45): CodeIgniter\CodeIgniter->run()
#8 D:\Bayu Sugara\Belajar\React JS\KasirApp\backend\vendor\codeigniter4\framework\system\Commands\Server\rewrite.php(34): require_once('D:\\Bayu Sugara\\...')
#9 {main}
CRITICAL - 2021-03-23 23:58:47 --> syntax error, unexpected 'protected' (T_PROTECTED), expecting ',' or ';'
#0 D:\Bayu Sugara\Belajar\React JS\KasirApp\backend\vendor\codeigniter4\framework\system\Autoloader\Autoloader.php(296): CodeIgniter\Autoloader\Autoloader->requireFile('D:\\Bayu Sugara\\...')
#1 D:\Bayu Sugara\Belajar\React JS\KasirApp\backend\vendor\codeigniter4\framework\system\Autoloader\Autoloader.php(258): CodeIgniter\Autoloader\Autoloader->loadInNamespace('App\\Models\\Kera...')
#2 [internal function]: CodeIgniter\Autoloader\Autoloader->loadClass('App\\Models\\Kera...')
#3 D:\Bayu Sugara\Belajar\React JS\KasirApp\backend\app\Controllers\Keranjang.php(37): spl_autoload_call('App\\Models\\Kera...')
#4 D:\Bayu Sugara\Belajar\React JS\KasirApp\backend\vendor\codeigniter4\framework\system\CodeIgniter.php(918): App\Controllers\Keranjang->create()
#5 D:\Bayu Sugara\Belajar\React JS\KasirApp\backend\vendor\codeigniter4\framework\system\CodeIgniter.php(404): CodeIgniter\CodeIgniter->runController(Object(App\Controllers\Keranjang))
#6 D:\Bayu Sugara\Belajar\React JS\KasirApp\backend\vendor\codeigniter4\framework\system\CodeIgniter.php(312): CodeIgniter\CodeIgniter->handleRequest(NULL, Object(Config\Cache), false)
#7 D:\Bayu Sugara\Belajar\React JS\KasirApp\backend\public\index.php(45): CodeIgniter\CodeIgniter->run()
#8 D:\Bayu Sugara\Belajar\React JS\KasirApp\backend\vendor\codeigniter4\framework\system\Commands\Server\rewrite.php(34): require_once('D:\\Bayu Sugara\\...')
#9 {main}
CRITICAL - 2021-03-23 23:59:34 --> syntax error, unexpected 'protected' (T_PROTECTED), expecting ',' or ';'
#0 D:\Bayu Sugara\Belajar\React JS\KasirApp\backend\vendor\codeigniter4\framework\system\Autoloader\Autoloader.php(296): CodeIgniter\Autoloader\Autoloader->requireFile('D:\\Bayu Sugara\\...')
#1 D:\Bayu Sugara\Belajar\React JS\KasirApp\backend\vendor\codeigniter4\framework\system\Autoloader\Autoloader.php(258): CodeIgniter\Autoloader\Autoloader->loadInNamespace('App\\Models\\Kera...')
#2 [internal function]: CodeIgniter\Autoloader\Autoloader->loadClass('App\\Models\\Kera...')
#3 D:\Bayu Sugara\Belajar\React JS\KasirApp\backend\app\Controllers\Keranjang.php(37): spl_autoload_call('App\\Models\\Kera...')
#4 D:\Bayu Sugara\Belajar\React JS\KasirApp\backend\vendor\codeigniter4\framework\system\CodeIgniter.php(918): App\Controllers\Keranjang->create()
#5 D:\Bayu Sugara\Belajar\React JS\KasirApp\backend\vendor\codeigniter4\framework\system\CodeIgniter.php(404): CodeIgniter\CodeIgniter->runController(Object(App\Controllers\Keranjang))
#6 D:\Bayu Sugara\Belajar\React JS\KasirApp\backend\vendor\codeigniter4\framework\system\CodeIgniter.php(312): CodeIgniter\CodeIgniter->handleRequest(NULL, Object(Config\Cache), false)
#7 D:\Bayu Sugara\Belajar\React JS\KasirApp\backend\public\index.php(45): CodeIgniter\CodeIgniter->run()
#8 D:\Bayu Sugara\Belajar\React JS\KasirApp\backend\vendor\codeigniter4\framework\system\Commands\Server\rewrite.php(34): require_once('D:\\Bayu Sugara\\...')
#9 {main}
CRITICAL - 2021-03-23 23:59:48 --> syntax error, unexpected 'protected' (T_PROTECTED), expecting ',' or ';'
#0 D:\Bayu Sugara\Belajar\React JS\KasirApp\backend\vendor\codeigniter4\framework\system\Autoloader\Autoloader.php(296): CodeIgniter\Autoloader\Autoloader->requireFile('D:\\Bayu Sugara\\...')
#1 D:\Bayu Sugara\Belajar\React JS\KasirApp\backend\vendor\codeigniter4\framework\system\Autoloader\Autoloader.php(258): CodeIgniter\Autoloader\Autoloader->loadInNamespace('App\\Models\\Kera...')
#2 [internal function]: CodeIgniter\Autoloader\Autoloader->loadClass('App\\Models\\Kera...')
#3 D:\Bayu Sugara\Belajar\React JS\KasirApp\backend\app\Controllers\Keranjang.php(37): spl_autoload_call('App\\Models\\Kera...')
#4 D:\Bayu Sugara\Belajar\React JS\KasirApp\backend\vendor\codeigniter4\framework\system\CodeIgniter.php(918): App\Controllers\Keranjang->create()
#5 D:\Bayu Sugara\Belajar\React JS\KasirApp\backend\vendor\codeigniter4\framework\system\CodeIgniter.php(404): CodeIgniter\CodeIgniter->runController(Object(App\Controllers\Keranjang))
#6 D:\Bayu Sugara\Belajar\React JS\KasirApp\backend\vendor\codeigniter4\framework\system\CodeIgniter.php(312): CodeIgniter\CodeIgniter->handleRequest(NULL, Object(Config\Cache), false)
#7 D:\Bayu Sugara\Belajar\React JS\KasirApp\backend\public\index.php(45): CodeIgniter\CodeIgniter->run()
#8 D:\Bayu Sugara\Belajar\React JS\KasirApp\backend\vendor\codeigniter4\framework\system\Commands\Server\rewrite.php(34): require_once('D:\\Bayu Sugara\\...')
#9 {main}
