CRITICAL - 2021-03-24 00:01:24 --> syntax error, unexpected 'protected' (T_PROTECTED), expecting ',' or ';'
#0 D:\Bayu Sugara\Belajar\React JS\KasirApp\backend\vendor\codeigniter4\framework\system\Autoloader\Autoloader.php(296): CodeIgniter\Autoloader\Autoloader->requireFile('D:\\Bayu Sugara\\...')
#1 D:\Bayu Sugara\Belajar\React JS\KasirApp\backend\vendor\codeigniter4\framework\system\Autoloader\Autoloader.php(258): CodeIgniter\Autoloader\Autoloader->loadInNamespace('App\\Models\\Kera...')
#2 [internal function]: CodeIgniter\Autoloader\Autoloader->loadClass('App\\Models\\Kera...')
#3 D:\Bayu Sugara\Belajar\React JS\KasirApp\backend\app\Controllers\Keranjang.php(37): spl_autoload_call('App\\Models\\Kera...')
#4 D:\Bayu Sugara\Belajar\React JS\KasirApp\backend\vendor\codeigniter4\framework\system\CodeIgniter.php(918): App\Controllers\Keranjang->create()
#5 D:\Bayu Sugara\Belajar\React JS\KasirApp\backend\vendor\codeigniter4\framework\system\CodeIgniter.php(404): CodeIgniter\CodeIgniter->runController(Object(App\Controllers\Keranjang))
#6 D:\Bayu Sugara\Belajar\React JS\KasirApp\backend\vendor\codeigniter4\framework\system\CodeIgniter.php(312): CodeIgniter\CodeIgniter->handleRequest(NULL, Object(Config\Cache), false)
#7 D:\Bayu Sugara\Belajar\React JS\KasirApp\backend\public\index.php(45): CodeIgniter\CodeIgniter->run()
#8 D:\Bayu Sugara\Belajar\React JS\KasirApp\backend\vendor\codeigniter4\framework\system\Commands\Server\rewrite.php(34): require_once('D:\\Bayu Sugara\\...')
#9 {main}
CRITICAL - 2021-03-24 00:01:46 --> syntax error, unexpected 'protected' (T_PROTECTED), expecting ',' or ';'
#0 D:\Bayu Sugara\Belajar\React JS\KasirApp\backend\vendor\codeigniter4\framework\system\Autoloader\Autoloader.php(296): CodeIgniter\Autoloader\Autoloader->requireFile('D:\\Bayu Sugara\\...')
#1 D:\Bayu Sugara\Belajar\React JS\KasirApp\backend\vendor\codeigniter4\framework\system\Autoloader\Autoloader.php(258): CodeIgniter\Autoloader\Autoloader->loadInNamespace('App\\Models\\Kera...')
#2 [internal function]: CodeIgniter\Autoloader\Autoloader->loadClass('App\\Models\\Kera...')
#3 D:\Bayu Sugara\Belajar\React JS\KasirApp\backend\app\Controllers\Keranjang.php(37): spl_autoload_call('App\\Models\\Kera...')
#4 D:\Bayu Sugara\Belajar\React JS\KasirApp\backend\vendor\codeigniter4\framework\system\CodeIgniter.php(918): App\Controllers\Keranjang->create()
#5 D:\Bayu Sugara\Belajar\React JS\KasirApp\backend\vendor\codeigniter4\framework\system\CodeIgniter.php(404): CodeIgniter\CodeIgniter->runController(Object(App\Controllers\Keranjang))
#6 D:\Bayu Sugara\Belajar\React JS\KasirApp\backend\vendor\codeigniter4\framework\system\CodeIgniter.php(312): CodeIgniter\CodeIgniter->handleRequest(NULL, Object(Config\Cache), false)
#7 D:\Bayu Sugara\Belajar\React JS\KasirApp\backend\public\index.php(45): CodeIgniter\CodeIgniter->run()
#8 D:\Bayu Sugara\Belajar\React JS\KasirApp\backend\vendor\codeigniter4\framework\system\Commands\Server\rewrite.php(34): require_once('D:\\Bayu Sugara\\...')
#9 {main}
CRITICAL - 2021-03-24 00:02:49 --> syntax error, unexpected 'protected' (T_PROTECTED), expecting ',' or ';'
#0 D:\Bayu Sugara\Belajar\React JS\KasirApp\backend\vendor\codeigniter4\framework\system\Autoloader\Autoloader.php(296): CodeIgniter\Autoloader\Autoloader->requireFile('D:\\Bayu Sugara\\...')
#1 D:\Bayu Sugara\Belajar\React JS\KasirApp\backend\vendor\codeigniter4\framework\system\Autoloader\Autoloader.php(258): CodeIgniter\Autoloader\Autoloader->loadInNamespace('App\\Models\\Kera...')
#2 [internal function]: CodeIgniter\Autoloader\Autoloader->loadClass('App\\Models\\Kera...')
#3 D:\Bayu Sugara\Belajar\React JS\KasirApp\backend\app\Controllers\Keranjang.php(37): spl_autoload_call('App\\Models\\Kera...')
#4 D:\Bayu Sugara\Belajar\React JS\KasirApp\backend\vendor\codeigniter4\framework\system\CodeIgniter.php(918): App\Controllers\Keranjang->create()
#5 D:\Bayu Sugara\Belajar\React JS\KasirApp\backend\vendor\codeigniter4\framework\system\CodeIgniter.php(404): CodeIgniter\CodeIgniter->runController(Object(App\Controllers\Keranjang))
#6 D:\Bayu Sugara\Belajar\React JS\KasirApp\backend\vendor\codeigniter4\framework\system\CodeIgniter.php(312): CodeIgniter\CodeIgniter->handleRequest(NULL, Object(Config\Cache), false)
#7 D:\Bayu Sugara\Belajar\React JS\KasirApp\backend\public\index.php(45): CodeIgniter\CodeIgniter->run()
#8 D:\Bayu Sugara\Belajar\React JS\KasirApp\backend\vendor\codeigniter4\framework\system\Commands\Server\rewrite.php(34): require_once('D:\\Bayu Sugara\\...')
#9 {main}
CRITICAL - 2021-03-24 00:04:25 --> Column 'jumlah' cannot be null
#0 D:\Bayu Sugara\Belajar\React JS\KasirApp\backend\vendor\codeigniter4\framework\system\Database\MySQLi\Connection.php(331): mysqli->query('INSERT INTO `ke...')
#1 D:\Bayu Sugara\Belajar\React JS\KasirApp\backend\vendor\codeigniter4\framework\system\Database\BaseConnection.php(741): CodeIgniter\Database\MySQLi\Connection->execute('INSERT INTO `ke...')
#2 D:\Bayu Sugara\Belajar\React JS\KasirApp\backend\vendor\codeigniter4\framework\system\Database\BaseConnection.php(669): CodeIgniter\Database\BaseConnection->simpleQuery('INSERT INTO `ke...')
#3 D:\Bayu Sugara\Belajar\React JS\KasirApp\backend\vendor\codeigniter4\framework\system\Database\BaseBuilder.php(2249): CodeIgniter\Database\BaseConnection->query('INSERT INTO `ke...', Array, false)
#4 D:\Bayu Sugara\Belajar\React JS\KasirApp\backend\vendor\codeigniter4\framework\system\Model.php(755): CodeIgniter\Database\BaseBuilder->insert()
#5 D:\Bayu Sugara\Belajar\React JS\KasirApp\backend\app\Controllers\Keranjang.php(46): CodeIgniter\Model->insert(Array)
#6 D:\Bayu Sugara\Belajar\React JS\KasirApp\backend\vendor\codeigniter4\framework\system\CodeIgniter.php(918): App\Controllers\Keranjang->create()
#7 D:\Bayu Sugara\Belajar\React JS\KasirApp\backend\vendor\codeigniter4\framework\system\CodeIgniter.php(404): CodeIgniter\CodeIgniter->runController(Object(App\Controllers\Keranjang))
#8 D:\Bayu Sugara\Belajar\React JS\KasirApp\backend\vendor\codeigniter4\framework\system\CodeIgniter.php(312): CodeIgniter\CodeIgniter->handleRequest(NULL, Object(Config\Cache), false)
#9 D:\Bayu Sugara\Belajar\React JS\KasirApp\backend\public\index.php(45): CodeIgniter\CodeIgniter->run()
#10 D:\Bayu Sugara\Belajar\React JS\KasirApp\backend\vendor\codeigniter4\framework\system\Commands\Server\rewrite.php(34): require_once('D:\\Bayu Sugara\\...')
#11 {main}
CRITICAL - 2021-03-24 00:05:55 --> Column 'jumlah' cannot be null
#0 D:\Bayu Sugara\Belajar\React JS\KasirApp\backend\vendor\codeigniter4\framework\system\Database\MySQLi\Connection.php(331): mysqli->query('INSERT INTO `ke...')
#1 D:\Bayu Sugara\Belajar\React JS\KasirApp\backend\vendor\codeigniter4\framework\system\Database\BaseConnection.php(741): CodeIgniter\Database\MySQLi\Connection->execute('INSERT INTO `ke...')
#2 D:\Bayu Sugara\Belajar\React JS\KasirApp\backend\vendor\codeigniter4\framework\system\Database\BaseConnection.php(669): CodeIgniter\Database\BaseConnection->simpleQuery('INSERT INTO `ke...')
#3 D:\Bayu Sugara\Belajar\React JS\KasirApp\backend\vendor\codeigniter4\framework\system\Database\BaseBuilder.php(2249): CodeIgniter\Database\BaseConnection->query('INSERT INTO `ke...', Array, false)
#4 D:\Bayu Sugara\Belajar\React JS\KasirApp\backend\vendor\codeigniter4\framework\system\Model.php(755): CodeIgniter\Database\BaseBuilder->insert()
#5 D:\Bayu Sugara\Belajar\React JS\KasirApp\backend\app\Controllers\Keranjang.php(46): CodeIgniter\Model->insert(Array)
#6 D:\Bayu Sugara\Belajar\React JS\KasirApp\backend\vendor\codeigniter4\framework\system\CodeIgniter.php(918): App\Controllers\Keranjang->create()
#7 D:\Bayu Sugara\Belajar\React JS\KasirApp\backend\vendor\codeigniter4\framework\system\CodeIgniter.php(404): CodeIgniter\CodeIgniter->runController(Object(App\Controllers\Keranjang))
#8 D:\Bayu Sugara\Belajar\React JS\KasirApp\backend\vendor\codeigniter4\framework\system\CodeIgniter.php(312): CodeIgniter\CodeIgniter->handleRequest(NULL, Object(Config\Cache), false)
#9 D:\Bayu Sugara\Belajar\React JS\KasirApp\backend\public\index.php(45): CodeIgniter\CodeIgniter->run()
#10 D:\Bayu Sugara\Belajar\React JS\KasirApp\backend\vendor\codeigniter4\framework\system\Commands\Server\rewrite.php(34): require_once('D:\\Bayu Sugara\\...')
#11 {main}
CRITICAL - 2021-03-24 00:05:58 --> Column 'jumlah' cannot be null
#0 D:\Bayu Sugara\Belajar\React JS\KasirApp\backend\vendor\codeigniter4\framework\system\Database\MySQLi\Connection.php(331): mysqli->query('INSERT INTO `ke...')
#1 D:\Bayu Sugara\Belajar\React JS\KasirApp\backend\vendor\codeigniter4\framework\system\Database\BaseConnection.php(741): CodeIgniter\Database\MySQLi\Connection->execute('INSERT INTO `ke...')
#2 D:\Bayu Sugara\Belajar\React JS\KasirApp\backend\vendor\codeigniter4\framework\system\Database\BaseConnection.php(669): CodeIgniter\Database\BaseConnection->simpleQuery('INSERT INTO `ke...')
#3 D:\Bayu Sugara\Belajar\React JS\KasirApp\backend\vendor\codeigniter4\framework\system\Database\BaseBuilder.php(2249): CodeIgniter\Database\BaseConnection->query('INSERT INTO `ke...', Array, false)
#4 D:\Bayu Sugara\Belajar\React JS\KasirApp\backend\vendor\codeigniter4\framework\system\Model.php(755): CodeIgniter\Database\BaseBuilder->insert()
#5 D:\Bayu Sugara\Belajar\React JS\KasirApp\backend\app\Controllers\Keranjang.php(46): CodeIgniter\Model->insert(Array)
#6 D:\Bayu Sugara\Belajar\React JS\KasirApp\backend\vendor\codeigniter4\framework\system\CodeIgniter.php(918): App\Controllers\Keranjang->create()
#7 D:\Bayu Sugara\Belajar\React JS\KasirApp\backend\vendor\codeigniter4\framework\system\CodeIgniter.php(404): CodeIgniter\CodeIgniter->runController(Object(App\Controllers\Keranjang))
#8 D:\Bayu Sugara\Belajar\React JS\KasirApp\backend\vendor\codeigniter4\framework\system\CodeIgniter.php(312): CodeIgniter\CodeIgniter->handleRequest(NULL, Object(Config\Cache), false)
#9 D:\Bayu Sugara\Belajar\React JS\KasirApp\backend\public\index.php(45): CodeIgniter\CodeIgniter->run()
#10 D:\Bayu Sugara\Belajar\React JS\KasirApp\backend\vendor\codeigniter4\framework\system\Commands\Server\rewrite.php(34): require_once('D:\\Bayu Sugara\\...')
#11 {main}
CRITICAL - 2021-03-24 00:07:19 --> There is no data to insert.
#0 D:\Bayu Sugara\Belajar\React JS\KasirApp\backend\vendor\codeigniter4\framework\system\Model.php(700): CodeIgniter\Database\Exceptions\DataException::forEmptyDataset('insert')
#1 D:\Bayu Sugara\Belajar\React JS\KasirApp\backend\app\Controllers\Keranjang.php(46): CodeIgniter\Model->insert(NULL)
#2 D:\Bayu Sugara\Belajar\React JS\KasirApp\backend\vendor\codeigniter4\framework\system\CodeIgniter.php(918): App\Controllers\Keranjang->create()
#3 D:\Bayu Sugara\Belajar\React JS\KasirApp\backend\vendor\codeigniter4\framework\system\CodeIgniter.php(404): CodeIgniter\CodeIgniter->runController(Object(App\Controllers\Keranjang))
#4 D:\Bayu Sugara\Belajar\React JS\KasirApp\backend\vendor\codeigniter4\framework\system\CodeIgniter.php(312): CodeIgniter\CodeIgniter->handleRequest(NULL, Object(Config\Cache), false)
#5 D:\Bayu Sugara\Belajar\React JS\KasirApp\backend\public\index.php(45): CodeIgniter\CodeIgniter->run()
#6 D:\Bayu Sugara\Belajar\React JS\KasirApp\backend\vendor\codeigniter4\framework\system\Commands\Server\rewrite.php(34): require_once('D:\\Bayu Sugara\\...')
#7 {main}
CRITICAL - 2021-03-24 00:07:20 --> There is no data to insert.
#0 D:\Bayu Sugara\Belajar\React JS\KasirApp\backend\vendor\codeigniter4\framework\system\Model.php(700): CodeIgniter\Database\Exceptions\DataException::forEmptyDataset('insert')
#1 D:\Bayu Sugara\Belajar\React JS\KasirApp\backend\app\Controllers\Keranjang.php(46): CodeIgniter\Model->insert(NULL)
#2 D:\Bayu Sugara\Belajar\React JS\KasirApp\backend\vendor\codeigniter4\framework\system\CodeIgniter.php(918): App\Controllers\Keranjang->create()
#3 D:\Bayu Sugara\Belajar\React JS\KasirApp\backend\vendor\codeigniter4\framework\system\CodeIgniter.php(404): CodeIgniter\CodeIgniter->runController(Object(App\Controllers\Keranjang))
#4 D:\Bayu Sugara\Belajar\React JS\KasirApp\backend\vendor\codeigniter4\framework\system\CodeIgniter.php(312): CodeIgniter\CodeIgniter->handleRequest(NULL, Object(Config\Cache), false)
#5 D:\Bayu Sugara\Belajar\React JS\KasirApp\backend\public\index.php(45): CodeIgniter\CodeIgniter->run()
#6 D:\Bayu Sugara\Belajar\React JS\KasirApp\backend\vendor\codeigniter4\framework\system\Commands\Server\rewrite.php(34): require_once('D:\\Bayu Sugara\\...')
#7 {main}
CRITICAL - 2021-03-24 21:29:01 --> Column 'jumlah' cannot be null
#0 D:\Bayu Sugara\Belajar\React JS\KasirApp\backend\vendor\codeigniter4\framework\system\Database\MySQLi\Connection.php(331): mysqli->query('INSERT INTO `ke...')
#1 D:\Bayu Sugara\Belajar\React JS\KasirApp\backend\vendor\codeigniter4\framework\system\Database\BaseConnection.php(741): CodeIgniter\Database\MySQLi\Connection->execute('INSERT INTO `ke...')
#2 D:\Bayu Sugara\Belajar\React JS\KasirApp\backend\vendor\codeigniter4\framework\system\Database\BaseConnection.php(669): CodeIgniter\Database\BaseConnection->simpleQuery('INSERT INTO `ke...')
#3 D:\Bayu Sugara\Belajar\React JS\KasirApp\backend\vendor\codeigniter4\framework\system\Database\BaseBuilder.php(2249): CodeIgniter\Database\BaseConnection->query('INSERT INTO `ke...', Array, false)
#4 D:\Bayu Sugara\Belajar\React JS\KasirApp\backend\vendor\codeigniter4\framework\system\Model.php(755): CodeIgniter\Database\BaseBuilder->insert()
#5 D:\Bayu Sugara\Belajar\React JS\KasirApp\backend\app\Controllers\Keranjang.php(46): CodeIgniter\Model->insert(Array)
#6 D:\Bayu Sugara\Belajar\React JS\KasirApp\backend\vendor\codeigniter4\framework\system\CodeIgniter.php(918): App\Controllers\Keranjang->create()
#7 D:\Bayu Sugara\Belajar\React JS\KasirApp\backend\vendor\codeigniter4\framework\system\CodeIgniter.php(404): CodeIgniter\CodeIgniter->runController(Object(App\Controllers\Keranjang))
#8 D:\Bayu Sugara\Belajar\React JS\KasirApp\backend\vendor\codeigniter4\framework\system\CodeIgniter.php(312): CodeIgniter\CodeIgniter->handleRequest(NULL, Object(Config\Cache), false)
#9 D:\Bayu Sugara\Belajar\React JS\KasirApp\backend\public\index.php(45): CodeIgniter\CodeIgniter->run()
#10 D:\Bayu Sugara\Belajar\React JS\KasirApp\backend\vendor\codeigniter4\framework\system\Commands\Server\rewrite.php(34): require_once('D:\\Bayu Sugara\\...')
#11 {main}
CRITICAL - 2021-03-24 21:35:07 --> Column 'jumlah' cannot be null
#0 D:\Bayu Sugara\Belajar\React JS\KasirApp\backend\vendor\codeigniter4\framework\system\Database\MySQLi\Connection.php(331): mysqli->query('INSERT INTO `ke...')
#1 D:\Bayu Sugara\Belajar\React JS\KasirApp\backend\vendor\codeigniter4\framework\system\Database\BaseConnection.php(741): CodeIgniter\Database\MySQLi\Connection->execute('INSERT INTO `ke...')
#2 D:\Bayu Sugara\Belajar\React JS\KasirApp\backend\vendor\codeigniter4\framework\system\Database\BaseConnection.php(669): CodeIgniter\Database\BaseConnection->simpleQuery('INSERT INTO `ke...')
#3 D:\Bayu Sugara\Belajar\React JS\KasirApp\backend\vendor\codeigniter4\framework\system\Database\BaseBuilder.php(2249): CodeIgniter\Database\BaseConnection->query('INSERT INTO `ke...', Array, false)
#4 D:\Bayu Sugara\Belajar\React JS\KasirApp\backend\vendor\codeigniter4\framework\system\Model.php(755): CodeIgniter\Database\BaseBuilder->insert()
#5 D:\Bayu Sugara\Belajar\React JS\KasirApp\backend\app\Controllers\Keranjang.php(46): CodeIgniter\Model->insert(Array)
#6 D:\Bayu Sugara\Belajar\React JS\KasirApp\backend\vendor\codeigniter4\framework\system\CodeIgniter.php(918): App\Controllers\Keranjang->create()
#7 D:\Bayu Sugara\Belajar\React JS\KasirApp\backend\vendor\codeigniter4\framework\system\CodeIgniter.php(404): CodeIgniter\CodeIgniter->runController(Object(App\Controllers\Keranjang))
#8 D:\Bayu Sugara\Belajar\React JS\KasirApp\backend\vendor\codeigniter4\framework\system\CodeIgniter.php(312): CodeIgniter\CodeIgniter->handleRequest(NULL, Object(Config\Cache), false)
#9 D:\Bayu Sugara\Belajar\React JS\KasirApp\backend\public\index.php(45): CodeIgniter\CodeIgniter->run()
#10 D:\Bayu Sugara\Belajar\React JS\KasirApp\backend\vendor\codeigniter4\framework\system\Commands\Server\rewrite.php(34): require_once('D:\\Bayu Sugara\\...')
#11 {main}
CRITICAL - 2021-03-24 21:36:10 --> Column 'jumlah' cannot be null
#0 D:\Bayu Sugara\Belajar\React JS\KasirApp\backend\vendor\codeigniter4\framework\system\Database\MySQLi\Connection.php(331): mysqli->query('INSERT INTO `ke...')
#1 D:\Bayu Sugara\Belajar\React JS\KasirApp\backend\vendor\codeigniter4\framework\system\Database\BaseConnection.php(741): CodeIgniter\Database\MySQLi\Connection->execute('INSERT INTO `ke...')
#2 D:\Bayu Sugara\Belajar\React JS\KasirApp\backend\vendor\codeigniter4\framework\system\Database\BaseConnection.php(669): CodeIgniter\Database\BaseConnection->simpleQuery('INSERT INTO `ke...')
#3 D:\Bayu Sugara\Belajar\React JS\KasirApp\backend\vendor\codeigniter4\framework\system\Database\BaseBuilder.php(2249): CodeIgniter\Database\BaseConnection->query('INSERT INTO `ke...', Array, false)
#4 D:\Bayu Sugara\Belajar\React JS\KasirApp\backend\vendor\codeigniter4\framework\system\Model.php(755): CodeIgniter\Database\BaseBuilder->insert()
#5 D:\Bayu Sugara\Belajar\React JS\KasirApp\backend\app\Controllers\Keranjang.php(45): CodeIgniter\Model->insert(Array)
#6 D:\Bayu Sugara\Belajar\React JS\KasirApp\backend\vendor\codeigniter4\framework\system\CodeIgniter.php(918): App\Controllers\Keranjang->create()
#7 D:\Bayu Sugara\Belajar\React JS\KasirApp\backend\vendor\codeigniter4\framework\system\CodeIgniter.php(404): CodeIgniter\CodeIgniter->runController(Object(App\Controllers\Keranjang))
#8 D:\Bayu Sugara\Belajar\React JS\KasirApp\backend\vendor\codeigniter4\framework\system\CodeIgniter.php(312): CodeIgniter\CodeIgniter->handleRequest(NULL, Object(Config\Cache), false)
#9 D:\Bayu Sugara\Belajar\React JS\KasirApp\backend\public\index.php(45): CodeIgniter\CodeIgniter->run()
#10 D:\Bayu Sugara\Belajar\React JS\KasirApp\backend\vendor\codeigniter4\framework\system\Commands\Server\rewrite.php(34): require_once('D:\\Bayu Sugara\\...')
#11 {main}
CRITICAL - 2021-03-24 21:47:10 --> Column 'jumlah' cannot be null
#0 D:\Bayu Sugara\Belajar\React JS\KasirApp\backend\vendor\codeigniter4\framework\system\Database\MySQLi\Connection.php(331): mysqli->query('INSERT INTO `ke...')
#1 D:\Bayu Sugara\Belajar\React JS\KasirApp\backend\vendor\codeigniter4\framework\system\Database\BaseConnection.php(741): CodeIgniter\Database\MySQLi\Connection->execute('INSERT INTO `ke...')
#2 D:\Bayu Sugara\Belajar\React JS\KasirApp\backend\vendor\codeigniter4\framework\system\Database\BaseConnection.php(669): CodeIgniter\Database\BaseConnection->simpleQuery('INSERT INTO `ke...')
#3 D:\Bayu Sugara\Belajar\React JS\KasirApp\backend\vendor\codeigniter4\framework\system\Database\BaseBuilder.php(2249): CodeIgniter\Database\BaseConnection->query('INSERT INTO `ke...', Array, false)
#4 D:\Bayu Sugara\Belajar\React JS\KasirApp\backend\vendor\codeigniter4\framework\system\Model.php(755): CodeIgniter\Database\BaseBuilder->insert()
#5 D:\Bayu Sugara\Belajar\React JS\KasirApp\backend\app\Controllers\Keranjangs.php(45): CodeIgniter\Model->insert(Array)
#6 D:\Bayu Sugara\Belajar\React JS\KasirApp\backend\vendor\codeigniter4\framework\system\CodeIgniter.php(918): App\Controllers\Keranjangs->create()
#7 D:\Bayu Sugara\Belajar\React JS\KasirApp\backend\vendor\codeigniter4\framework\system\CodeIgniter.php(404): CodeIgniter\CodeIgniter->runController(Object(App\Controllers\Keranjangs))
#8 D:\Bayu Sugara\Belajar\React JS\KasirApp\backend\vendor\codeigniter4\framework\system\CodeIgniter.php(312): CodeIgniter\CodeIgniter->handleRequest(NULL, Object(Config\Cache), false)
#9 D:\Bayu Sugara\Belajar\React JS\KasirApp\backend\public\index.php(45): CodeIgniter\CodeIgniter->run()
#10 D:\Bayu Sugara\Belajar\React JS\KasirApp\backend\vendor\codeigniter4\framework\system\Commands\Server\rewrite.php(34): require_once('D:\\Bayu Sugara\\...')
#11 {main}
CRITICAL - 2021-03-24 21:49:37 --> There is no data to insert.
#0 D:\Bayu Sugara\Belajar\React JS\KasirApp\backend\vendor\codeigniter4\framework\system\Model.php(700): CodeIgniter\Database\Exceptions\DataException::forEmptyDataset('insert')
#1 D:\Bayu Sugara\Belajar\React JS\KasirApp\backend\app\Controllers\Keranjangs.php(45): CodeIgniter\Model->insert(NULL)
#2 D:\Bayu Sugara\Belajar\React JS\KasirApp\backend\vendor\codeigniter4\framework\system\CodeIgniter.php(918): App\Controllers\Keranjangs->create()
#3 D:\Bayu Sugara\Belajar\React JS\KasirApp\backend\vendor\codeigniter4\framework\system\CodeIgniter.php(404): CodeIgniter\CodeIgniter->runController(Object(App\Controllers\Keranjangs))
#4 D:\Bayu Sugara\Belajar\React JS\KasirApp\backend\vendor\codeigniter4\framework\system\CodeIgniter.php(312): CodeIgniter\CodeIgniter->handleRequest(NULL, Object(Config\Cache), false)
#5 D:\Bayu Sugara\Belajar\React JS\KasirApp\backend\public\index.php(45): CodeIgniter\CodeIgniter->run()
#6 D:\Bayu Sugara\Belajar\React JS\KasirApp\backend\vendor\codeigniter4\framework\system\Commands\Server\rewrite.php(34): require_once('D:\\Bayu Sugara\\...')
#7 {main}
CRITICAL - 2021-03-24 21:49:38 --> There is no data to insert.
#0 D:\Bayu Sugara\Belajar\React JS\KasirApp\backend\vendor\codeigniter4\framework\system\Model.php(700): CodeIgniter\Database\Exceptions\DataException::forEmptyDataset('insert')
#1 D:\Bayu Sugara\Belajar\React JS\KasirApp\backend\app\Controllers\Keranjangs.php(45): CodeIgniter\Model->insert(NULL)
#2 D:\Bayu Sugara\Belajar\React JS\KasirApp\backend\vendor\codeigniter4\framework\system\CodeIgniter.php(918): App\Controllers\Keranjangs->create()
#3 D:\Bayu Sugara\Belajar\React JS\KasirApp\backend\vendor\codeigniter4\framework\system\CodeIgniter.php(404): CodeIgniter\CodeIgniter->runController(Object(App\Controllers\Keranjangs))
#4 D:\Bayu Sugara\Belajar\React JS\KasirApp\backend\vendor\codeigniter4\framework\system\CodeIgniter.php(312): CodeIgniter\CodeIgniter->handleRequest(NULL, Object(Config\Cache), false)
#5 D:\Bayu Sugara\Belajar\React JS\KasirApp\backend\public\index.php(45): CodeIgniter\CodeIgniter->run()
#6 D:\Bayu Sugara\Belajar\React JS\KasirApp\backend\vendor\codeigniter4\framework\system\Commands\Server\rewrite.php(34): require_once('D:\\Bayu Sugara\\...')
#7 {main}
CRITICAL - 2021-03-24 21:50:06 --> There is no data to insert.
#0 D:\Bayu Sugara\Belajar\React JS\KasirApp\backend\vendor\codeigniter4\framework\system\Model.php(700): CodeIgniter\Database\Exceptions\DataException::forEmptyDataset('insert')
#1 D:\Bayu Sugara\Belajar\React JS\KasirApp\backend\app\Controllers\Keranjangs.php(45): CodeIgniter\Model->insert(NULL)
#2 D:\Bayu Sugara\Belajar\React JS\KasirApp\backend\vendor\codeigniter4\framework\system\CodeIgniter.php(918): App\Controllers\Keranjangs->create()
#3 D:\Bayu Sugara\Belajar\React JS\KasirApp\backend\vendor\codeigniter4\framework\system\CodeIgniter.php(404): CodeIgniter\CodeIgniter->runController(Object(App\Controllers\Keranjangs))
#4 D:\Bayu Sugara\Belajar\React JS\KasirApp\backend\vendor\codeigniter4\framework\system\CodeIgniter.php(312): CodeIgniter\CodeIgniter->handleRequest(NULL, Object(Config\Cache), false)
#5 D:\Bayu Sugara\Belajar\React JS\KasirApp\backend\public\index.php(45): CodeIgniter\CodeIgniter->run()
#6 D:\Bayu Sugara\Belajar\React JS\KasirApp\backend\vendor\codeigniter4\framework\system\Commands\Server\rewrite.php(34): require_once('D:\\Bayu Sugara\\...')
#7 {main}
