CRITICAL - 2021-01-07 10:24:30 --> There is no data to insert.
#0 C:\xampp\htdocs\restfulapi\vendor\codeigniter4\framework\system\Model.php(700): CodeIgniter\Database\Exceptions\DataException::forEmptyDataset('insert')
#1 C:\xampp\htdocs\restfulapi\app\Controllers\Products.php(42): CodeIgniter\Model->insert(NULL)
#2 C:\xampp\htdocs\restfulapi\vendor\codeigniter4\framework\system\CodeIgniter.php(918): App\Controllers\Products->create()
#3 C:\xampp\htdocs\restfulapi\vendor\codeigniter4\framework\system\CodeIgniter.php(404): CodeIgniter\CodeIgniter->runController(Object(App\Controllers\Products))
#4 C:\xampp\htdocs\restfulapi\vendor\codeigniter4\framework\system\CodeIgniter.php(312): CodeIgniter\CodeIgniter->handleRequest(NULL, Object(Config\Cache), false)
#5 C:\xampp\htdocs\restfulapi\public\index.php(45): CodeIgniter\CodeIgniter->run()
#6 C:\xampp\htdocs\restfulapi\vendor\codeigniter4\framework\system\Commands\Server\rewrite.php(34): require_once('C:\\xampp\\htdocs...')
#7 {main}
CRITICAL - 2021-01-07 10:25:46 --> There is no data to insert.
#0 C:\xampp\htdocs\restfulapi\vendor\codeigniter4\framework\system\Model.php(700): CodeIgniter\Database\Exceptions\DataException::forEmptyDataset('insert')
#1 C:\xampp\htdocs\restfulapi\app\Controllers\Products.php(42): CodeIgniter\Model->insert(NULL)
#2 C:\xampp\htdocs\restfulapi\vendor\codeigniter4\framework\system\CodeIgniter.php(918): App\Controllers\Products->create()
#3 C:\xampp\htdocs\restfulapi\vendor\codeigniter4\framework\system\CodeIgniter.php(404): CodeIgniter\CodeIgniter->runController(Object(App\Controllers\Products))
#4 C:\xampp\htdocs\restfulapi\vendor\codeigniter4\framework\system\CodeIgniter.php(312): CodeIgniter\CodeIgniter->handleRequest(NULL, Object(Config\Cache), false)
#5 C:\xampp\htdocs\restfulapi\public\index.php(45): CodeIgniter\CodeIgniter->run()
#6 C:\xampp\htdocs\restfulapi\vendor\codeigniter4\framework\system\Commands\Server\rewrite.php(34): require_once('C:\\xampp\\htdocs...')
#7 {main}
CRITICAL - 2021-01-07 10:26:19 --> There is no data to insert.
#0 C:\xampp\htdocs\restfulapi\vendor\codeigniter4\framework\system\Model.php(700): CodeIgniter\Database\Exceptions\DataException::forEmptyDataset('insert')
#1 C:\xampp\htdocs\restfulapi\app\Controllers\Products.php(42): CodeIgniter\Model->insert(NULL)
#2 C:\xampp\htdocs\restfulapi\vendor\codeigniter4\framework\system\CodeIgniter.php(918): App\Controllers\Products->create()
#3 C:\xampp\htdocs\restfulapi\vendor\codeigniter4\framework\system\CodeIgniter.php(404): CodeIgniter\CodeIgniter->runController(Object(App\Controllers\Products))
#4 C:\xampp\htdocs\restfulapi\vendor\codeigniter4\framework\system\CodeIgniter.php(312): CodeIgniter\CodeIgniter->handleRequest(NULL, Object(Config\Cache), false)
#5 C:\xampp\htdocs\restfulapi\public\index.php(45): CodeIgniter\CodeIgniter->run()
#6 C:\xampp\htdocs\restfulapi\vendor\codeigniter4\framework\system\Commands\Server\rewrite.php(34): require_once('C:\\xampp\\htdocs...')
#7 {main}
CRITICAL - 2021-01-07 10:27:22 --> There is no data to insert.
#0 C:\xampp\htdocs\restfulapi\vendor\codeigniter4\framework\system\Model.php(700): CodeIgniter\Database\Exceptions\DataException::forEmptyDataset('insert')
#1 C:\xampp\htdocs\restfulapi\app\Controllers\Products.php(42): CodeIgniter\Model->insert(NULL)
#2 C:\xampp\htdocs\restfulapi\vendor\codeigniter4\framework\system\CodeIgniter.php(918): App\Controllers\Products->create()
#3 C:\xampp\htdocs\restfulapi\vendor\codeigniter4\framework\system\CodeIgniter.php(404): CodeIgniter\CodeIgniter->runController(Object(App\Controllers\Products))
#4 C:\xampp\htdocs\restfulapi\vendor\codeigniter4\framework\system\CodeIgniter.php(312): CodeIgniter\CodeIgniter->handleRequest(NULL, Object(Config\Cache), false)
#5 C:\xampp\htdocs\restfulapi\public\index.php(45): CodeIgniter\CodeIgniter->run()
#6 C:\xampp\htdocs\restfulapi\vendor\codeigniter4\framework\system\Commands\Server\rewrite.php(34): require_once('C:\\xampp\\htdocs...')
#7 {main}
CRITICAL - 2021-01-07 10:27:24 --> There is no data to insert.
#0 C:\xampp\htdocs\restfulapi\vendor\codeigniter4\framework\system\Model.php(700): CodeIgniter\Database\Exceptions\DataException::forEmptyDataset('insert')
#1 C:\xampp\htdocs\restfulapi\app\Controllers\Products.php(42): CodeIgniter\Model->insert(NULL)
#2 C:\xampp\htdocs\restfulapi\vendor\codeigniter4\framework\system\CodeIgniter.php(918): App\Controllers\Products->create()
#3 C:\xampp\htdocs\restfulapi\vendor\codeigniter4\framework\system\CodeIgniter.php(404): CodeIgniter\CodeIgniter->runController(Object(App\Controllers\Products))
#4 C:\xampp\htdocs\restfulapi\vendor\codeigniter4\framework\system\CodeIgniter.php(312): CodeIgniter\CodeIgniter->handleRequest(NULL, Object(Config\Cache), false)
#5 C:\xampp\htdocs\restfulapi\public\index.php(45): CodeIgniter\CodeIgniter->run()
#6 C:\xampp\htdocs\restfulapi\vendor\codeigniter4\framework\system\Commands\Server\rewrite.php(34): require_once('C:\\xampp\\htdocs...')
#7 {main}
CRITICAL - 2021-01-07 10:28:25 --> There is no data to insert.
#0 C:\xampp\htdocs\restfulapi\vendor\codeigniter4\framework\system\Model.php(700): CodeIgniter\Database\Exceptions\DataException::forEmptyDataset('insert')
#1 C:\xampp\htdocs\restfulapi\app\Controllers\Products.php(42): CodeIgniter\Model->insert(NULL)
#2 C:\xampp\htdocs\restfulapi\vendor\codeigniter4\framework\system\CodeIgniter.php(918): App\Controllers\Products->create()
#3 C:\xampp\htdocs\restfulapi\vendor\codeigniter4\framework\system\CodeIgniter.php(404): CodeIgniter\CodeIgniter->runController(Object(App\Controllers\Products))
#4 C:\xampp\htdocs\restfulapi\vendor\codeigniter4\framework\system\CodeIgniter.php(312): CodeIgniter\CodeIgniter->handleRequest(NULL, Object(Config\Cache), false)
#5 C:\xampp\htdocs\restfulapi\public\index.php(45): CodeIgniter\CodeIgniter->run()
#6 C:\xampp\htdocs\restfulapi\vendor\codeigniter4\framework\system\Commands\Server\rewrite.php(34): require_once('C:\\xampp\\htdocs...')
#7 {main}
CRITICAL - 2021-01-07 10:30:44 --> There is no data to insert.
#0 C:\xampp\htdocs\restfulapi\vendor\codeigniter4\framework\system\Model.php(700): CodeIgniter\Database\Exceptions\DataException::forEmptyDataset('insert')
#1 C:\xampp\htdocs\restfulapi\app\Controllers\Products.php(42): CodeIgniter\Model->insert(NULL)
#2 C:\xampp\htdocs\restfulapi\vendor\codeigniter4\framework\system\CodeIgniter.php(918): App\Controllers\Products->create()
#3 C:\xampp\htdocs\restfulapi\vendor\codeigniter4\framework\system\CodeIgniter.php(404): CodeIgniter\CodeIgniter->runController(Object(App\Controllers\Products))
#4 C:\xampp\htdocs\restfulapi\vendor\codeigniter4\framework\system\CodeIgniter.php(312): CodeIgniter\CodeIgniter->handleRequest(NULL, Object(Config\Cache), false)
#5 C:\xampp\htdocs\restfulapi\public\index.php(45): CodeIgniter\CodeIgniter->run()
#6 C:\xampp\htdocs\restfulapi\vendor\codeigniter4\framework\system\Commands\Server\rewrite.php(34): require_once('C:\\xampp\\htdocs...')
#7 {main}
CRITICAL - 2021-01-07 10:31:07 --> There is no data to insert.
#0 C:\xampp\htdocs\restfulapi\vendor\codeigniter4\framework\system\Model.php(700): CodeIgniter\Database\Exceptions\DataException::forEmptyDataset('insert')
#1 C:\xampp\htdocs\restfulapi\app\Controllers\Products.php(42): CodeIgniter\Model->insert(NULL)
#2 C:\xampp\htdocs\restfulapi\vendor\codeigniter4\framework\system\CodeIgniter.php(918): App\Controllers\Products->create()
#3 C:\xampp\htdocs\restfulapi\vendor\codeigniter4\framework\system\CodeIgniter.php(404): CodeIgniter\CodeIgniter->runController(Object(App\Controllers\Products))
#4 C:\xampp\htdocs\restfulapi\vendor\codeigniter4\framework\system\CodeIgniter.php(312): CodeIgniter\CodeIgniter->handleRequest(NULL, Object(Config\Cache), false)
#5 C:\xampp\htdocs\restfulapi\public\index.php(45): CodeIgniter\CodeIgniter->run()
#6 C:\xampp\htdocs\restfulapi\vendor\codeigniter4\framework\system\Commands\Server\rewrite.php(34): require_once('C:\\xampp\\htdocs...')
#7 {main}
CRITICAL - 2021-01-07 10:33:52 --> There is no data to insert.
#0 C:\xampp\htdocs\restfulapi\vendor\codeigniter4\framework\system\Model.php(700): CodeIgniter\Database\Exceptions\DataException::forEmptyDataset('insert')
#1 C:\xampp\htdocs\restfulapi\app\Controllers\Products.php(42): CodeIgniter\Model->insert(NULL)
#2 C:\xampp\htdocs\restfulapi\vendor\codeigniter4\framework\system\CodeIgniter.php(918): App\Controllers\Products->create()
#3 C:\xampp\htdocs\restfulapi\vendor\codeigniter4\framework\system\CodeIgniter.php(404): CodeIgniter\CodeIgniter->runController(Object(App\Controllers\Products))
#4 C:\xampp\htdocs\restfulapi\vendor\codeigniter4\framework\system\CodeIgniter.php(312): CodeIgniter\CodeIgniter->handleRequest(NULL, Object(Config\Cache), false)
#5 C:\xampp\htdocs\restfulapi\public\index.php(45): CodeIgniter\CodeIgniter->run()
#6 C:\xampp\htdocs\restfulapi\vendor\codeigniter4\framework\system\Commands\Server\rewrite.php(34): require_once('C:\\xampp\\htdocs...')
#7 {main}
CRITICAL - 2021-01-07 10:35:26 --> There is no data to insert.
#0 C:\xampp\htdocs\restfulapi\vendor\codeigniter4\framework\system\Model.php(700): CodeIgniter\Database\Exceptions\DataException::forEmptyDataset('insert')
#1 C:\xampp\htdocs\restfulapi\app\Controllers\Products.php(42): CodeIgniter\Model->insert(NULL)
#2 C:\xampp\htdocs\restfulapi\vendor\codeigniter4\framework\system\CodeIgniter.php(918): App\Controllers\Products->create()
#3 C:\xampp\htdocs\restfulapi\vendor\codeigniter4\framework\system\CodeIgniter.php(404): CodeIgniter\CodeIgniter->runController(Object(App\Controllers\Products))
#4 C:\xampp\htdocs\restfulapi\vendor\codeigniter4\framework\system\CodeIgniter.php(312): CodeIgniter\CodeIgniter->handleRequest(NULL, Object(Config\Cache), false)
#5 C:\xampp\htdocs\restfulapi\public\index.php(45): CodeIgniter\CodeIgniter->run()
#6 C:\xampp\htdocs\restfulapi\vendor\codeigniter4\framework\system\Commands\Server\rewrite.php(34): require_once('C:\\xampp\\htdocs...')
#7 {main}
CRITICAL - 2021-01-07 10:37:24 --> There is no data to insert.
#0 C:\xampp\htdocs\restfulapi\vendor\codeigniter4\framework\system\Model.php(700): CodeIgniter\Database\Exceptions\DataException::forEmptyDataset('insert')
#1 C:\xampp\htdocs\restfulapi\app\Controllers\Products.php(42): CodeIgniter\Model->insert(NULL)
#2 C:\xampp\htdocs\restfulapi\vendor\codeigniter4\framework\system\CodeIgniter.php(918): App\Controllers\Products->create()
#3 C:\xampp\htdocs\restfulapi\vendor\codeigniter4\framework\system\CodeIgniter.php(404): CodeIgniter\CodeIgniter->runController(Object(App\Controllers\Products))
#4 C:\xampp\htdocs\restfulapi\vendor\codeigniter4\framework\system\CodeIgniter.php(312): CodeIgniter\CodeIgniter->handleRequest(NULL, Object(Config\Cache), false)
#5 C:\xampp\htdocs\restfulapi\public\index.php(45): CodeIgniter\CodeIgniter->run()
#6 C:\xampp\htdocs\restfulapi\vendor\codeigniter4\framework\system\Commands\Server\rewrite.php(34): require_once('C:\\xampp\\htdocs...')
#7 {main}
CRITICAL - 2021-01-07 10:37:30 --> There is no data to insert.
#0 C:\xampp\htdocs\restfulapi\vendor\codeigniter4\framework\system\Model.php(700): CodeIgniter\Database\Exceptions\DataException::forEmptyDataset('insert')
#1 C:\xampp\htdocs\restfulapi\app\Controllers\Products.php(42): CodeIgniter\Model->insert(NULL)
#2 C:\xampp\htdocs\restfulapi\vendor\codeigniter4\framework\system\CodeIgniter.php(918): App\Controllers\Products->create()
#3 C:\xampp\htdocs\restfulapi\vendor\codeigniter4\framework\system\CodeIgniter.php(404): CodeIgniter\CodeIgniter->runController(Object(App\Controllers\Products))
#4 C:\xampp\htdocs\restfulapi\vendor\codeigniter4\framework\system\CodeIgniter.php(312): CodeIgniter\CodeIgniter->handleRequest(NULL, Object(Config\Cache), false)
#5 C:\xampp\htdocs\restfulapi\public\index.php(45): CodeIgniter\CodeIgniter->run()
#6 C:\xampp\htdocs\restfulapi\vendor\codeigniter4\framework\system\Commands\Server\rewrite.php(34): require_once('C:\\xampp\\htdocs...')
#7 {main}
CRITICAL - 2021-01-07 10:37:35 --> There is no data to insert.
#0 C:\xampp\htdocs\restfulapi\vendor\codeigniter4\framework\system\Model.php(700): CodeIgniter\Database\Exceptions\DataException::forEmptyDataset('insert')
#1 C:\xampp\htdocs\restfulapi\app\Controllers\Products.php(42): CodeIgniter\Model->insert(NULL)
#2 C:\xampp\htdocs\restfulapi\vendor\codeigniter4\framework\system\CodeIgniter.php(918): App\Controllers\Products->create()
#3 C:\xampp\htdocs\restfulapi\vendor\codeigniter4\framework\system\CodeIgniter.php(404): CodeIgniter\CodeIgniter->runController(Object(App\Controllers\Products))
#4 C:\xampp\htdocs\restfulapi\vendor\codeigniter4\framework\system\CodeIgniter.php(312): CodeIgniter\CodeIgniter->handleRequest(NULL, Object(Config\Cache), false)
#5 C:\xampp\htdocs\restfulapi\public\index.php(45): CodeIgniter\CodeIgniter->run()
#6 C:\xampp\htdocs\restfulapi\vendor\codeigniter4\framework\system\Commands\Server\rewrite.php(34): require_once('C:\\xampp\\htdocs...')
#7 {main}
CRITICAL - 2021-01-07 10:39:21 --> There is no data to insert.
#0 C:\xampp\htdocs\restfulapi\vendor\codeigniter4\framework\system\Model.php(700): CodeIgniter\Database\Exceptions\DataException::forEmptyDataset('insert')
#1 C:\xampp\htdocs\restfulapi\app\Controllers\Products.php(42): CodeIgniter\Model->insert(NULL)
#2 C:\xampp\htdocs\restfulapi\vendor\codeigniter4\framework\system\CodeIgniter.php(918): App\Controllers\Products->create()
#3 C:\xampp\htdocs\restfulapi\vendor\codeigniter4\framework\system\CodeIgniter.php(404): CodeIgniter\CodeIgniter->runController(Object(App\Controllers\Products))
#4 C:\xampp\htdocs\restfulapi\vendor\codeigniter4\framework\system\CodeIgniter.php(312): CodeIgniter\CodeIgniter->handleRequest(NULL, Object(Config\Cache), false)
#5 C:\xampp\htdocs\restfulapi\public\index.php(45): CodeIgniter\CodeIgniter->run()
#6 C:\xampp\htdocs\restfulapi\vendor\codeigniter4\framework\system\Commands\Server\rewrite.php(34): require_once('C:\\xampp\\htdocs...')
#7 {main}
